[2026-03-16T23:17:17.231Z] GET http://localhost:8085/index.html → 200 (22ms, 8607B)
[2026-03-16T23:17:17.273Z] GET http://localhost:8085/css/styles.css → 200 (6ms, 16118B)
[2026-03-16T23:17:17.273Z] GET http://localhost:8085/assets/logos/Logo_Ppal_LNDB.png → 200 (7ms, 206157B)
[2026-03-16T23:17:17.273Z] GET http://localhost:8085/assets/images/trees/Tamarindo.png → 200 (8ms, 662808B)
[2026-03-16T23:17:17.273Z] GET http://localhost:8085/assets/images/trees/Cenizo.png → 200 (17ms, 925056B)
[2026-03-16T23:17:17.274Z] GET http://localhost:8085/assets/images/trees/Eucalipto.png → 200 (17ms, 575261B)
[2026-03-16T23:17:17.274Z] GET http://localhost:8085/assets/images/trees/Arrayan.png → 200 (19ms, 534954B)
[2026-03-16T23:17:17.274Z] GET http://localhost:8085/assets/images/trees/PalmaCera.png → 200 (17ms, 141214B)
[2026-03-16T23:17:17.274Z] GET http://localhost:8085/assets/images/trees/GuayacanA.png → 200 (17ms, 903104B)
[2026-03-16T23:17:17.274Z] GET http://localhost:8085/assets/images/trees/Ceiba.png → 200 (19ms, 581787B)
[2026-03-16T23:17:17.274Z] GET http://localhost:8085/assets/images/trees/Cacao.png → 200 (19ms, 730726B)
[2026-03-16T23:17:17.274Z] GET http://localhost:8085/assets/images/trees/Copal.png → 200 (19ms, 747763B)
[2026-03-16T23:17:17.275Z] GET http://localhost:8085/assets/images/trees/Yarumo.png → 200 (19ms, 1061748B)
[2026-03-16T23:17:17.276Z] GET http://localhost:8085/assets/images/trees/Roble.png → 200 (46ms, 682777B)
[2026-03-16T23:17:17.276Z] GET http://localhost:8085/assets/images/trees/Nogal.png → 200 (51ms, 594320B)
[2026-03-16T23:17:17.276Z] GET http://localhost:8085/assets/images/trees/Caimito.png → 200 (52ms, 955790B)
[2026-03-16T23:17:17.276Z] GET http://localhost:8085/assets/images/trees/GuayacanR.png → 200 (51ms, 1000133B)
[2026-03-16T23:17:17.276Z] GET http://localhost:8085/assets/images/trees/Cerezo.png → 200 (52ms, 814012B)
[2026-03-16T23:17:17.276Z] GET http://localhost:8085/assets/images/trees/Mango.png → 200 (56ms, 663974B)
[2026-03-16T23:17:17.278Z] GET http://localhost:8085/assets/images/book-1.jpg → 200 (54ms, 473164B)
[2026-03-16T23:17:17.279Z] GET http://localhost:8085/assets/logos/Logo_Blanco_LNDB.png → 200 (52ms, 732666B)
[2026-03-16T23:17:17.318Z] GET http://localhost:8085/assets/fonts/Mulish-Medium.ttf → 200 (20ms, 105916B)
[2026-03-16T23:17:17.319Z] GET http://localhost:8085/assets/fonts/Isaodelco-Regular.otf → 200 (19ms, 16032B)
[2026-03-16T23:17:17.319Z] GET http://localhost:8085/assets/fonts/Mulish-Regular.ttf → 200 (19ms, 105860B)
[2026-03-16T23:17:17.319Z] GET http://localhost:8085/assets/fonts/Mulish-SemiBold.ttf → 200 (19ms, 105860B)
[2026-03-16T23:18:58.054Z] GET http://localhost:8085/index.html → 200 (1ms, 8283B)
[2026-03-16T23:18:58.058Z] GET http://localhost:8085/css/styles.css → 200 (?ms, 16118B)
[2026-03-16T23:18:58.058Z] GET http://localhost:8085/assets/logos/Logo_Ppal_LNDB.png → 200 (?ms, 206157B)
[2026-03-16T23:18:58.058Z] GET http://localhost:8085/assets/images/trees/Eucalipto.png → 200 (?ms, 575261B)
[2026-03-16T23:18:58.059Z] GET http://localhost:8085/assets/images/trees/Arrayan.png → 200 (?ms, 534954B)
[2026-03-16T23:18:58.059Z] GET http://localhost:8085/assets/images/trees/PalmaCera.png → 200 (?ms, 141214B)
[2026-03-16T23:18:58.059Z] GET http://localhost:8085/assets/images/trees/GuayacanA.png → 200 (?ms, 903104B)
[2026-03-16T23:18:58.059Z] GET http://localhost:8085/assets/images/trees/Ceiba.png → 200 (?ms, 581787B)
[2026-03-16T23:18:58.060Z] GET http://localhost:8085/assets/images/trees/Cacao.png → 200 (?ms, 730726B)
[2026-03-16T23:18:58.060Z] GET http://localhost:8085/assets/images/trees/Copal.png → 200 (?ms, 747763B)
[2026-03-16T23:18:58.060Z] GET http://localhost:8085/assets/images/trees/Roble.png → 200 (1ms, 682777B)
[2026-03-16T23:18:58.061Z] GET http://localhost:8085/assets/images/trees/Mango.png → 200 (?ms, 663974B)
[2026-03-16T23:18:58.061Z] GET http://localhost:8085/assets/images/trees/Caimito.png → 200 (?ms, 955790B)
[2026-03-16T23:18:58.061Z] GET http://localhost:8085/assets/images/trees/GuayacanR.png → 200 (?ms, 1000133B)
[2026-03-16T23:18:58.061Z] GET http://localhost:8085/assets/images/trees/Cerezo.png → 200 (?ms, 814012B)
[2026-03-16T23:18:58.061Z] GET http://localhost:8085/assets/images/book-1.jpg → 200 (?ms, 473164B)
[2026-03-16T23:18:58.062Z] GET http://localhost:8085/assets/images/trees/Cenizo.png → 200 (?ms, 925056B)
[2026-03-16T23:18:58.062Z] GET http://localhost:8085/assets/logos/Logo_Blanco_LNDB.png → 200 (?ms, 732666B)
[2026-03-16T23:18:58.062Z] GET http://localhost:8085/assets/images/trees/Yarumo.png → 200 (?ms, 1061748B)
[2026-03-16T23:18:58.062Z] GET http://localhost:8085/assets/fonts/Isaodelco-Regular.otf → 200 (?ms, ?B)
[2026-03-16T23:18:58.062Z] GET http://localhost:8085/assets/fonts/Mulish-Regular.ttf → 200 (?ms, ?B)
[2026-03-16T23:18:58.062Z] GET http://localhost:8085/assets/fonts/Mulish-Medium.ttf → 200 (1ms, ?B)
[2026-03-16T23:18:58.063Z] GET http://localhost:8085/assets/fonts/Mulish-SemiBold.ttf → 200 (?ms, ?B)
[2026-03-16T23:19:51.309Z] GET http://localhost:8085/index.html → 200 (1ms, 8123B)
[2026-03-16T23:19:51.313Z] GET http://localhost:8085/css/styles.css → 200 (?ms, 16118B)
[2026-03-16T23:19:51.313Z] GET http://localhost:8085/assets/logos/Logo_Ppal_LNDB.png → 200 (?ms, 206157B)
[2026-03-16T23:19:51.313Z] GET http://localhost:8085/assets/images/trees/Arrayan.png → 200 (?ms, 534954B)
[2026-03-16T23:19:51.313Z] GET http://localhost:8085/assets/images/trees/Eucalipto.png → 200 (?ms, 575261B)
[2026-03-16T23:19:51.313Z] GET http://localhost:8085/assets/images/trees/PalmaCera.png → 200 (?ms, 141214B)
[2026-03-16T23:19:51.314Z] GET http://localhost:8085/assets/images/trees/GuayacanA.png → 200 (?ms, 903104B)
[2026-03-16T23:19:51.314Z] GET http://localhost:8085/assets/images/trees/Ceiba.png → 200 (?ms, 581787B)
[2026-03-16T23:19:51.314Z] GET http://localhost:8085/assets/images/trees/Cacao.png → 200 (?ms, 730726B)
[2026-03-16T23:19:51.314Z] GET http://localhost:8085/assets/images/trees/Copal.png → 200 (?ms, 747763B)
[2026-03-16T23:19:51.314Z] GET http://localhost:8085/assets/images/trees/Roble.png → 200 (?ms, 682777B)
[2026-03-16T23:19:51.315Z] GET http://localhost:8085/assets/images/trees/GuayacanR.png → 200 (?ms, 1000133B)
[2026-03-16T23:19:51.315Z] GET http://localhost:8085/assets/images/trees/Cerezo.png → 200 (?ms, 814012B)
[2026-03-16T23:19:51.315Z] GET http://localhost:8085/assets/images/book-1.jpg → 200 (?ms, 473164B)
[2026-03-16T23:19:51.316Z] GET http://localhost:8085/assets/images/trees/Caimito.png → 200 (?ms, 955790B)
[2026-03-16T23:19:51.316Z] GET http://localhost:8085/assets/images/trees/Cenizo.png → 200 (?ms, 925056B)
[2026-03-16T23:19:51.316Z] GET http://localhost:8085/assets/logos/Logo_Blanco_LNDB.png → 200 (?ms, 732666B)
[2026-03-16T23:19:51.316Z] GET http://localhost:8085/assets/images/trees/Yarumo.png → 200 (?ms, 1061748B)
[2026-03-16T23:19:51.317Z] GET http://localhost:8085/assets/fonts/Isaodelco-Regular.otf → 200 (?ms, ?B)
[2026-03-16T23:19:51.317Z] GET http://localhost:8085/assets/fonts/Mulish-Regular.ttf → 200 (?ms, ?B)
[2026-03-16T23:19:51.317Z] GET http://localhost:8085/assets/fonts/Mulish-Medium.ttf → 200 (?ms, ?B)
[2026-03-16T23:19:51.317Z] GET http://localhost:8085/assets/fonts/Mulish-SemiBold.ttf → 200 (?ms, ?B)
[2026-03-16T23:20:16.270Z] GET http://localhost:8085/index.html → 200 (1ms, 8123B)
[2026-03-16T23:20:16.274Z] GET http://localhost:8085/css/styles.css → 200 (?ms, 16118B)
[2026-03-16T23:20:16.274Z] GET http://localhost:8085/assets/logos/Logo_Ppal_LNDB.png → 200 (?ms, 206157B)
[2026-03-16T23:20:16.274Z] GET http://localhost:8085/assets/images/trees/Arrayan.png → 200 (?ms, 534954B)
[2026-03-16T23:20:16.274Z] GET http://localhost:8085/assets/images/trees/Eucalipto.png → 200 (?ms, 575261B)
[2026-03-16T23:20:16.274Z] GET http://localhost:8085/assets/images/trees/PalmaCera.png → 200 (?ms, 141214B)
[2026-03-16T23:20:16.275Z] GET http://localhost:8085/assets/images/trees/GuayacanA.png → 200 (?ms, 903104B)
[2026-03-16T23:20:16.275Z] GET http://localhost:8085/assets/images/trees/Ceiba.png → 200 (?ms, 581787B)
[2026-03-16T23:20:16.275Z] GET http://localhost:8085/assets/images/trees/Cacao.png → 200 (?ms, 730726B)
[2026-03-16T23:20:16.276Z] GET http://localhost:8085/assets/images/trees/Copal.png → 200 (?ms, 747763B)
[2026-03-16T23:20:16.276Z] GET http://localhost:8085/assets/images/trees/Roble.png → 200 (?ms, 682777B)
[2026-03-16T23:20:16.276Z] GET http://localhost:8085/assets/images/trees/GuayacanR.png → 200 (1ms, 1000133B)
[2026-03-16T23:20:16.277Z] GET http://localhost:8085/assets/images/trees/Cerezo.png → 200 (?ms, 814012B)
[2026-03-16T23:20:16.277Z] GET http://localhost:8085/assets/images/book-1.jpg → 200 (?ms, 473164B)
[2026-03-16T23:20:16.277Z] GET http://localhost:8085/assets/images/trees/Caimito.png → 200 (?ms, 955790B)
[2026-03-16T23:20:16.278Z] GET http://localhost:8085/assets/images/trees/Cenizo.png → 200 (?ms, 925056B)
[2026-03-16T23:20:16.278Z] GET http://localhost:8085/assets/logos/Logo_Blanco_LNDB.png → 200 (?ms, 732666B)
[2026-03-16T23:20:16.278Z] GET http://localhost:8085/assets/images/trees/Yarumo.png → 200 (?ms, 1061748B)
[2026-03-16T23:20:16.278Z] GET http://localhost:8085/assets/fonts/Isaodelco-Regular.otf → 200 (1ms, ?B)
[2026-03-16T23:20:16.279Z] GET http://localhost:8085/assets/fonts/Mulish-Regular.ttf → 200 (?ms, ?B)
[2026-03-16T23:20:16.279Z] GET http://localhost:8085/assets/fonts/Mulish-Medium.ttf → 200 (?ms, ?B)
[2026-03-16T23:20:16.279Z] GET http://localhost:8085/assets/fonts/Mulish-SemiBold.ttf → 200 (?ms, ?B)
[2026-03-16T23:38:45.950Z] GET http://localhost:8085/index.html → 200 (1ms, 9668B)
[2026-03-16T23:38:45.955Z] GET http://localhost:8085/css/styles.css → 200 (6ms, 18048B)
[2026-03-16T23:38:45.956Z] GET http://localhost:8085/assets/logos/Logo_Ppal_LNDB.png → 304 (5ms, ?B)
[2026-03-16T23:38:45.956Z] GET http://localhost:8085/assets/images/trees/Eucalipto.png → 200 (?ms, 575261B)
[2026-03-16T23:38:45.956Z] GET http://localhost:8085/assets/images/trees/PalmaCera.png → 200 (?ms, 141214B)
[2026-03-16T23:38:45.956Z] GET http://localhost:8085/assets/images/trees/GuayacanA.png → 200 (1ms, 903104B)
[2026-03-16T23:38:45.957Z] GET http://localhost:8085/assets/images/trees/Ceiba.png → 200 (?ms, 581787B)
[2026-03-16T23:38:45.957Z] GET http://localhost:8085/assets/images/trees/Cacao.png → 200 (?ms, 730726B)
[2026-03-16T23:38:45.958Z] GET http://localhost:8085/assets/images/trees/Copal.png → 200 (?ms, 747763B)
[2026-03-16T23:38:45.958Z] GET http://localhost:8085/assets/images/trees/Roble.png → 200 (?ms, 682777B)
[2026-03-16T23:38:45.958Z] GET http://localhost:8085/assets/images/trees/Caimito.png → 200 (?ms, 955790B)
[2026-03-16T23:38:45.959Z] GET http://localhost:8085/assets/images/trees/GuayacanR.png → 200 (?ms, 1000133B)
[2026-03-16T23:38:45.959Z] GET http://localhost:8085/assets/images/trees/Cerezo.png → 200 (?ms, 814012B)
[2026-03-16T23:38:45.959Z] GET http://localhost:8085/assets/images/book-1.jpg → 304 (3ms, ?B)
[2026-03-16T23:38:45.959Z] GET http://localhost:8085/assets/images/trees/Cenizo.png → 200 (1ms, 925056B)
[2026-03-16T23:38:45.960Z] GET http://localhost:8085/assets/logos/Logo_Blanco_LNDB.png → 304 (2ms, ?B)
[2026-03-16T23:38:45.960Z] GET http://localhost:8085/assets/images/trees/Yarumo.png → 200 (?ms, 1061748B)
[2026-03-16T23:38:45.961Z] GET http://localhost:8085/assets/fonts/Isaodelco-Regular.otf → 200 (?ms, ?B)
[2026-03-16T23:38:45.961Z] GET http://localhost:8085/assets/fonts/Mulish-Regular.ttf → 200 (?ms, ?B)
[2026-03-16T23:38:45.961Z] GET http://localhost:8085/assets/fonts/Mulish-Medium.ttf → 200 (?ms, ?B)
[2026-03-16T23:38:45.962Z] GET http://localhost:8085/assets/fonts/Mulish-SemiBold.ttf → 200 (?ms, ?B)
[2026-03-16T23:41:14.157Z] GET http://localhost:8085/index.html → 200 (1ms, 9668B)
[2026-03-16T23:41:14.160Z] GET http://localhost:8085/css/styles.css → 200 (6ms, 18069B)
[2026-03-16T23:41:14.161Z] GET http://localhost:8085/assets/logos/Logo_Ppal_LNDB.png → 200 (?ms, 206157B)
[2026-03-16T23:41:14.161Z] GET http://localhost:8085/assets/images/trees/Eucalipto.png → 200 (?ms, 575261B)
[2026-03-16T23:41:14.161Z] GET http://localhost:8085/assets/images/trees/PalmaCera.png → 200 (?ms, 141214B)
[2026-03-16T23:41:14.161Z] GET http://localhost:8085/assets/images/trees/GuayacanA.png → 200 (?ms, 903104B)
[2026-03-16T23:41:14.161Z] GET http://localhost:8085/assets/images/trees/Ceiba.png → 200 (?ms, 581787B)
[2026-03-16T23:41:14.162Z] GET http://localhost:8085/assets/images/trees/Cacao.png → 200 (?ms, 730726B)
[2026-03-16T23:41:14.162Z] GET http://localhost:8085/assets/images/trees/Copal.png → 200 (?ms, 747763B)
[2026-03-16T23:41:14.162Z] GET http://localhost:8085/assets/images/trees/Roble.png → 200 (?ms, 682777B)
[2026-03-16T23:41:14.162Z] GET http://localhost:8085/assets/images/trees/Caimito.png → 200 (?ms, 955790B)
[2026-03-16T23:41:14.162Z] GET http://localhost:8085/assets/images/trees/GuayacanR.png → 200 (?ms, 1000133B)
[2026-03-16T23:41:14.162Z] GET http://localhost:8085/assets/images/trees/Cerezo.png → 200 (1ms, 814012B)
[2026-03-16T23:41:14.164Z] GET http://localhost:8085/assets/images/book-1.jpg → 200 (?ms, 473164B)
[2026-03-16T23:41:14.164Z] GET http://localhost:8085/assets/images/trees/Cenizo.png → 200 (?ms, 925056B)
[2026-03-16T23:41:14.165Z] GET http://localhost:8085/assets/logos/Logo_Blanco_LNDB.png → 200 (?ms, 732666B)
[2026-03-16T23:41:14.166Z] GET http://localhost:8085/assets/images/trees/Yarumo.png → 200 (?ms, 1061748B)
[2026-03-16T23:41:14.167Z] GET http://localhost:8085/assets/fonts/Isaodelco-Regular.otf → 200 (?ms, ?B)
[2026-03-16T23:41:14.167Z] GET http://localhost:8085/assets/fonts/Mulish-Regular.ttf → 200 (?ms, ?B)
[2026-03-16T23:41:14.167Z] GET http://localhost:8085/assets/fonts/Mulish-Medium.ttf → 200 (1ms, ?B)
[2026-03-16T23:41:14.168Z] GET http://localhost:8085/assets/fonts/Mulish-SemiBold.ttf → 200 (?ms, ?B)
[2026-03-16T23:41:42.981Z] GET http://localhost:8085/index.html → 200 (?ms, 9668B)
[2026-03-16T23:41:42.984Z] GET http://localhost:8085/css/styles.css → 200 (8ms, 18089B)
[2026-03-16T23:41:42.984Z] GET http://localhost:8085/assets/logos/Logo_Ppal_LNDB.png → 200 (1ms, 206157B)
[2026-03-16T23:41:42.985Z] GET http://localhost:8085/assets/images/trees/Eucalipto.png → 200 (?ms, 575261B)
[2026-03-16T23:41:42.986Z] GET http://localhost:8085/assets/images/trees/PalmaCera.png → 200 (?ms, 141214B)
[2026-03-16T23:41:42.986Z] GET http://localhost:8085/assets/images/trees/GuayacanA.png → 200 (?ms, 903104B)
[2026-03-16T23:41:42.986Z] GET http://localhost:8085/assets/images/trees/Ceiba.png → 200 (?ms, 581787B)
[2026-03-16T23:41:42.987Z] GET http://localhost:8085/assets/images/trees/Cacao.png → 200 (?ms, 730726B)
[2026-03-16T23:41:42.987Z] GET http://localhost:8085/assets/images/trees/Copal.png → 200 (1ms, 747763B)
[2026-03-16T23:41:42.988Z] GET http://localhost:8085/assets/images/trees/Roble.png → 200 (?ms, 682777B)
[2026-03-16T23:41:42.988Z] GET http://localhost:8085/assets/images/trees/Caimito.png → 200 (?ms, 955790B)
[2026-03-16T23:41:42.989Z] GET http://localhost:8085/assets/images/trees/GuayacanR.png → 200 (?ms, 1000133B)
[2026-03-16T23:41:42.989Z] GET http://localhost:8085/assets/images/trees/Cerezo.png → 200 (?ms, 814012B)
[2026-03-16T23:41:42.990Z] GET http://localhost:8085/assets/images/book-1.jpg → 200 (?ms, 473164B)
[2026-03-16T23:41:42.990Z] GET http://localhost:8085/assets/images/trees/Cenizo.png → 200 (?ms, 925056B)
[2026-03-16T23:41:42.990Z] GET http://localhost:8085/assets/logos/Logo_Blanco_LNDB.png → 200 (?ms, 732666B)
[2026-03-16T23:41:42.991Z] GET http://localhost:8085/assets/images/trees/Yarumo.png → 200 (1ms, 1061748B)
[2026-03-16T23:41:42.992Z] GET http://localhost:8085/assets/fonts/Isaodelco-Regular.otf → 200 (?ms, ?B)
[2026-03-16T23:41:42.992Z] GET http://localhost:8085/assets/fonts/Mulish-Regular.ttf → 200 (1ms, ?B)
[2026-03-16T23:41:42.993Z] GET http://localhost:8085/assets/fonts/Mulish-Medium.ttf → 200 (?ms, ?B)
[2026-03-16T23:41:42.993Z] GET http://localhost:8085/assets/fonts/Mulish-SemiBold.ttf → 200 (?ms, ?B)
[2026-03-16T23:42:16.953Z] GET http://localhost:8085/index.html → 200 (?ms, 9668B)
[2026-03-16T23:42:16.956Z] GET http://localhost:8085/css/styles.css → 200 (2ms, 18088B)
[2026-03-16T23:42:16.956Z] GET http://localhost:8085/assets/logos/Logo_Ppal_LNDB.png → 200 (?ms, 206157B)
[2026-03-16T23:42:16.956Z] GET http://localhost:8085/assets/images/trees/Eucalipto.png → 200 (?ms, 575261B)
[2026-03-16T23:42:16.956Z] GET http://localhost:8085/assets/images/trees/PalmaCera.png → 200 (?ms, 141214B)
[2026-03-16T23:42:16.956Z] GET http://localhost:8085/assets/images/trees/GuayacanA.png → 200 (?ms, 903104B)
[2026-03-16T23:42:16.956Z] GET http://localhost:8085/assets/images/trees/Ceiba.png → 200 (1ms, 581787B)
[2026-03-16T23:42:16.957Z] GET http://localhost:8085/assets/images/trees/Cacao.png → 200 (?ms, 730726B)
[2026-03-16T23:42:16.957Z] GET http://localhost:8085/assets/images/trees/Copal.png → 200 (?ms, 747763B)
[2026-03-16T23:42:16.957Z] GET http://localhost:8085/assets/images/trees/Roble.png → 200 (?ms, 682777B)
[2026-03-16T23:42:16.957Z] GET http://localhost:8085/assets/images/trees/Caimito.png → 200 (?ms, 955790B)
[2026-03-16T23:42:16.957Z] GET http://localhost:8085/assets/images/trees/GuayacanR.png → 200 (?ms, 1000133B)
[2026-03-16T23:42:16.957Z] GET http://localhost:8085/assets/images/trees/Cerezo.png → 200 (?ms, 814012B)
[2026-03-16T23:42:16.957Z] GET http://localhost:8085/assets/images/book-1.jpg → 200 (?ms, 473164B)
[2026-03-16T23:42:16.958Z] GET http://localhost:8085/assets/images/trees/Cenizo.png → 200 (?ms, 925056B)
[2026-03-16T23:42:16.958Z] GET http://localhost:8085/assets/logos/Logo_Blanco_LNDB.png → 200 (?ms, 732666B)
[2026-03-16T23:42:16.958Z] GET http://localhost:8085/assets/images/trees/Yarumo.png → 200 (?ms, 1061748B)
[2026-03-16T23:42:16.958Z] GET http://localhost:8085/assets/fonts/Isaodelco-Regular.otf → 200 (?ms, ?B)
[2026-03-16T23:42:16.958Z] GET http://localhost:8085/assets/fonts/Mulish-Regular.ttf → 200 (1ms, ?B)
[2026-03-16T23:42:16.959Z] GET http://localhost:8085/assets/fonts/Mulish-Medium.ttf → 200 (?ms, ?B)
[2026-03-16T23:42:16.959Z] GET http://localhost:8085/assets/fonts/Mulish-SemiBold.ttf → 200 (?ms, ?B)
[2026-03-16T23:42:47.893Z] GET http://localhost:8085/index.html → 200 (1ms, 9668B)
[2026-03-16T23:42:47.896Z] GET http://localhost:8085/css/styles.css → 200 (3ms, 18088B)
[2026-03-16T23:42:47.896Z] GET http://localhost:8085/assets/logos/Logo_Ppal_LNDB.png → 200 (?ms, 206157B)
[2026-03-16T23:42:47.896Z] GET http://localhost:8085/assets/images/trees/Eucalipto.png → 200 (?ms, 575261B)
[2026-03-16T23:42:47.897Z] GET http://localhost:8085/assets/images/trees/PalmaCera.png → 200 (?ms, 141214B)
[2026-03-16T23:42:47.897Z] GET http://localhost:8085/assets/images/trees/GuayacanA.png → 200 (?ms, 903104B)
[2026-03-16T23:42:47.897Z] GET http://localhost:8085/assets/images/trees/Ceiba.png → 200 (?ms, 581787B)
[2026-03-16T23:42:47.897Z] GET http://localhost:8085/assets/images/trees/Cacao.png → 200 (?ms, 730726B)
[2026-03-16T23:42:47.897Z] GET http://localhost:8085/assets/images/trees/Copal.png → 200 (?ms, 747763B)
[2026-03-16T23:42:47.897Z] GET http://localhost:8085/assets/images/trees/Roble.png → 200 (?ms, 682777B)
[2026-03-16T23:42:47.897Z] GET http://localhost:8085/assets/images/trees/Caimito.png → 200 (?ms, 955790B)
[2026-03-16T23:42:47.898Z] GET http://localhost:8085/assets/images/trees/GuayacanR.png → 200 (?ms, 1000133B)
[2026-03-16T23:42:47.898Z] GET http://localhost:8085/assets/images/trees/Cerezo.png → 200 (?ms, 814012B)
[2026-03-16T23:42:47.898Z] GET http://localhost:8085/assets/images/book-1.jpg → 200 (?ms, 473164B)
[2026-03-16T23:42:47.898Z] GET http://localhost:8085/assets/images/trees/Cenizo.png → 200 (?ms, 925056B)
[2026-03-16T23:42:47.898Z] GET http://localhost:8085/assets/logos/Logo_Blanco_LNDB.png → 200 (?ms, 732666B)
[2026-03-16T23:42:47.899Z] GET http://localhost:8085/assets/images/trees/Yarumo.png → 200 (?ms, 1061748B)
[2026-03-16T23:42:47.900Z] GET http://localhost:8085/assets/fonts/Isaodelco-Regular.otf → 200 (?ms, ?B)
[2026-03-16T23:42:47.900Z] GET http://localhost:8085/assets/fonts/Mulish-Regular.ttf → 200 (?ms, ?B)
[2026-03-16T23:42:47.900Z] GET http://localhost:8085/assets/fonts/Mulish-Medium.ttf → 200 (?ms, ?B)
[2026-03-16T23:42:47.901Z] GET http://localhost:8085/assets/fonts/Mulish-SemiBold.ttf → 200 (?ms, ?B)
[2026-03-16T23:44:02.719Z] GET http://localhost:8085/index.html → 200 (?ms, 9668B)
[2026-03-16T23:44:02.722Z] GET http://localhost:8085/css/styles.css → 200 (2ms, 18034B)
[2026-03-16T23:44:02.722Z] GET http://localhost:8085/assets/logos/Logo_Ppal_LNDB.png → 200 (?ms, 206157B)
[2026-03-16T23:44:02.723Z] GET http://localhost:8085/assets/images/trees/Eucalipto.png → 304 (1ms, ?B)
[2026-03-16T23:44:02.723Z] GET http://localhost:8085/assets/images/trees/PalmaCera.png → 304 (1ms, ?B)
[2026-03-16T23:44:02.723Z] GET http://localhost:8085/assets/images/trees/GuayacanA.png → 304 (2ms, ?B)
[2026-03-16T23:44:02.723Z] GET http://localhost:8085/assets/images/trees/Ceiba.png → 304 (4ms, ?B)
[2026-03-16T23:44:02.723Z] GET http://localhost:8085/assets/images/trees/Cacao.png → 304 (2ms, ?B)
[2026-03-16T23:44:02.723Z] GET http://localhost:8085/assets/images/trees/Copal.png → 304 (4ms, ?B)
[2026-03-16T23:44:02.723Z] GET http://localhost:8085/assets/images/trees/Roble.png → 304 (3ms, ?B)
[2026-03-16T23:44:02.723Z] GET http://localhost:8085/assets/images/trees/Caimito.png → 304 (4ms, ?B)
[2026-03-16T23:44:02.723Z] GET http://localhost:8085/assets/images/trees/GuayacanR.png → 304 (7ms, ?B)
[2026-03-16T23:44:02.723Z] GET http://localhost:8085/assets/images/trees/Cerezo.png → 304 (7ms, ?B)
[2026-03-16T23:44:02.723Z] GET http://localhost:8085/assets/images/book-1.jpg → 200 (?ms, 473164B)
[2026-03-16T23:44:02.723Z] GET http://localhost:8085/assets/images/trees/Cenizo.png → 304 (8ms, ?B)
[2026-03-16T23:44:02.723Z] GET http://localhost:8085/assets/logos/Logo_Blanco_LNDB.png → 200 (?ms, 732666B)
[2026-03-16T23:44:02.724Z] GET http://localhost:8085/assets/fonts/Mulish-Medium.ttf → 304 (3ms, ?B)
[2026-03-16T23:44:02.724Z] GET http://localhost:8085/assets/fonts/Isaodelco-Regular.otf → 304 (6ms, ?B)
[2026-03-16T23:44:02.725Z] GET http://localhost:8085/assets/fonts/Mulish-Regular.ttf → 304 (5ms, ?B)
[2026-03-16T23:44:02.725Z] GET http://localhost:8085/assets/fonts/Mulish-SemiBold.ttf → 304 (5ms, ?B)
[2026-03-16T23:44:02.733Z] GET http://localhost:8085/assets/images/trees/Yarumo.png → 304 (?ms, ?B)
[2026-03-16T23:44:21.007Z] GET http://localhost:8085/index.html → 200 (?ms, 9668B)
[2026-03-16T23:44:21.010Z] GET http://localhost:8085/css/styles.css → 200 (2ms, 18034B)
[2026-03-16T23:44:21.010Z] GET http://localhost:8085/assets/logos/Logo_Ppal_LNDB.png → 200 (?ms, 206157B)
[2026-03-16T23:44:21.010Z] GET http://localhost:8085/assets/images/trees/Eucalipto.png → 200 (?ms, 575261B)
[2026-03-16T23:44:21.010Z] GET http://localhost:8085/assets/images/trees/PalmaCera.png → 200 (?ms, 141214B)
[2026-03-16T23:44:21.010Z] GET http://localhost:8085/assets/images/trees/GuayacanA.png → 200 (?ms, 903104B)
[2026-03-16T23:44:21.010Z] GET http://localhost:8085/assets/images/trees/Ceiba.png → 200 (?ms, 581787B)
[2026-03-16T23:44:21.010Z] GET http://localhost:8085/assets/images/trees/Cacao.png → 200 (?ms, 730726B)
[2026-03-16T23:44:21.010Z] GET http://localhost:8085/assets/images/trees/Copal.png → 200 (1ms, 747763B)
[2026-03-16T23:44:21.011Z] GET http://localhost:8085/assets/images/trees/Roble.png → 200 (?ms, 682777B)
[2026-03-16T23:44:21.011Z] GET http://localhost:8085/assets/images/trees/Caimito.png → 200 (?ms, 955790B)
[2026-03-16T23:44:21.011Z] GET http://localhost:8085/assets/images/trees/GuayacanR.png → 200 (?ms, 1000133B)
[2026-03-16T23:44:21.011Z] GET http://localhost:8085/assets/images/trees/Cerezo.png → 200 (?ms, 814012B)
[2026-03-16T23:44:21.011Z] GET http://localhost:8085/assets/images/book-1.jpg → 200 (?ms, 473164B)
[2026-03-16T23:44:21.012Z] GET http://localhost:8085/assets/images/trees/Cenizo.png → 200 (?ms, 925056B)
[2026-03-16T23:44:21.012Z] GET http://localhost:8085/assets/logos/Logo_Blanco_LNDB.png → 200 (?ms, 732666B)
[2026-03-16T23:44:21.012Z] GET http://localhost:8085/assets/images/trees/Yarumo.png → 200 (?ms, 1061748B)
[2026-03-16T23:44:21.012Z] GET http://localhost:8085/assets/fonts/Isaodelco-Regular.otf → 200 (?ms, ?B)
[2026-03-16T23:44:21.013Z] GET http://localhost:8085/assets/fonts/Mulish-Regular.ttf → 200 (?ms, ?B)
[2026-03-16T23:44:21.013Z] GET http://localhost:8085/assets/fonts/Mulish-Medium.ttf → 200 (?ms, ?B)
[2026-03-16T23:44:21.013Z] GET http://localhost:8085/assets/fonts/Mulish-SemiBold.ttf → 200 (?ms, ?B)
[2026-03-16T23:45:32.957Z] GET http://localhost:8085/index.html → 200 (1ms, 9668B)
[2026-03-16T23:45:32.961Z] GET http://localhost:8085/css/styles.css → 200 (5ms, 17971B)
[2026-03-16T23:45:32.961Z] GET http://localhost:8085/assets/logos/Logo_Ppal_LNDB.png → 200 (?ms, 206157B)
[2026-03-16T23:45:32.961Z] GET http://localhost:8085/assets/images/trees/Eucalipto.png → 200 (?ms, 575261B)
[2026-03-16T23:45:32.961Z] GET http://localhost:8085/assets/images/trees/PalmaCera.png → 200 (?ms, 141214B)
[2026-03-16T23:45:32.961Z] GET http://localhost:8085/assets/images/trees/GuayacanA.png → 200 (?ms, 903104B)
[2026-03-16T23:45:32.962Z] GET http://localhost:8085/assets/images/trees/Ceiba.png → 200 (?ms, 581787B)
[2026-03-16T23:45:32.962Z] GET http://localhost:8085/assets/images/trees/Cacao.png → 200 (?ms, 730726B)
[2026-03-16T23:45:32.962Z] GET http://localhost:8085/assets/images/trees/Copal.png → 200 (?ms, 747763B)
[2026-03-16T23:45:32.963Z] GET http://localhost:8085/assets/images/trees/Roble.png → 200 (?ms, 682777B)
[2026-03-16T23:45:32.963Z] GET http://localhost:8085/assets/images/trees/Caimito.png → 200 (?ms, 955790B)
[2026-03-16T23:45:32.963Z] GET http://localhost:8085/assets/images/trees/GuayacanR.png → 200 (?ms, 1000133B)
[2026-03-16T23:45:32.964Z] GET http://localhost:8085/assets/images/trees/Cerezo.png → 200 (?ms, 814012B)
[2026-03-16T23:45:32.964Z] GET http://localhost:8085/assets/images/book-1.jpg → 200 (?ms, 473164B)
[2026-03-16T23:45:32.964Z] GET http://localhost:8085/assets/images/trees/Cenizo.png → 200 (1ms, 925056B)
[2026-03-16T23:45:32.966Z] GET http://localhost:8085/assets/logos/Logo_Blanco_LNDB.png → 200 (?ms, 732666B)
[2026-03-16T23:45:32.966Z] GET http://localhost:8085/assets/images/trees/Yarumo.png → 200 (1ms, 1061748B)
[2026-03-16T23:45:32.967Z] GET http://localhost:8085/assets/fonts/Isaodelco-Regular.otf → 200 (?ms, ?B)
[2026-03-16T23:45:32.967Z] GET http://localhost:8085/assets/fonts/Mulish-Regular.ttf → 200 (?ms, ?B)
[2026-03-16T23:45:32.968Z] GET http://localhost:8085/assets/fonts/Mulish-Medium.ttf → 200 (?ms, ?B)
[2026-03-16T23:45:32.968Z] GET http://localhost:8085/assets/fonts/Mulish-SemiBold.ttf → 200 (?ms, ?B)
[2026-03-16T23:47:33.634Z] GET http://localhost:8085/index.html → 200 (1ms, 9668B)
[2026-03-16T23:47:33.638Z] GET http://localhost:8085/css/styles.css → 200 (1ms, 18142B)
[2026-03-16T23:47:33.638Z] GET http://localhost:8085/assets/logos/Logo_Ppal_LNDB.png → 200 (?ms, 206157B)
[2026-03-16T23:47:33.638Z] GET http://localhost:8085/assets/images/trees/Eucalipto.png → 200 (?ms, 575261B)
[2026-03-16T23:47:33.638Z] GET http://localhost:8085/assets/images/trees/PalmaCera.png → 200 (?ms, 141214B)
[2026-03-16T23:47:33.638Z] GET http://localhost:8085/assets/images/trees/GuayacanA.png → 200 (?ms, 903104B)
[2026-03-16T23:47:33.638Z] GET http://localhost:8085/assets/images/trees/Ceiba.png → 200 (?ms, 581787B)
[2026-03-16T23:47:33.638Z] GET http://localhost:8085/assets/images/trees/Cacao.png → 200 (?ms, 730726B)
[2026-03-16T23:47:33.638Z] GET http://localhost:8085/assets/images/trees/Copal.png → 200 (?ms, 747763B)
[2026-03-16T23:47:33.639Z] GET http://localhost:8085/assets/images/trees/Roble.png → 200 (?ms, 682777B)
[2026-03-16T23:47:33.639Z] GET http://localhost:8085/assets/images/trees/Caimito.png → 200 (?ms, 955790B)
[2026-03-16T23:47:33.639Z] GET http://localhost:8085/assets/images/trees/GuayacanR.png → 200 (?ms, 1000133B)
[2026-03-16T23:47:33.639Z] GET http://localhost:8085/assets/images/trees/Cerezo.png → 200 (?ms, 814012B)
[2026-03-16T23:47:33.639Z] GET http://localhost:8085/assets/images/book-1.jpg → 200 (?ms, 473164B)
[2026-03-16T23:47:33.639Z] GET http://localhost:8085/assets/images/trees/Cenizo.png → 200 (?ms, 925056B)
[2026-03-16T23:47:33.639Z] GET http://localhost:8085/assets/logos/Logo_Blanco_LNDB.png → 200 (?ms, 732666B)
[2026-03-16T23:47:33.640Z] GET http://localhost:8085/assets/images/trees/Yarumo.png → 200 (?ms, 1061748B)
[2026-03-16T23:47:33.640Z] GET http://localhost:8085/assets/fonts/Isaodelco-Regular.otf → 200 (?ms, ?B)
[2026-03-16T23:47:33.640Z] GET http://localhost:8085/assets/fonts/Mulish-Regular.ttf → 200 (?ms, ?B)
[2026-03-16T23:47:33.640Z] GET http://localhost:8085/assets/fonts/Mulish-Medium.ttf → 200 (?ms, ?B)
[2026-03-16T23:47:33.640Z] GET http://localhost:8085/assets/fonts/Mulish-SemiBold.ttf → 200 (?ms, ?B)
[2026-03-16T23:47:42.636Z] GET http://localhost:8085/productos.html → 200 (1ms, 4711B)
[2026-03-16T23:47:42.640Z] GET http://localhost:8085/css/styles.css → 304 (1ms, ?B)
[2026-03-16T23:47:42.640Z] GET http://localhost:8085/assets/logos/Logo_Ppal_LNDB.png → 200 (?ms, 206157B)
[2026-03-16T23:47:42.640Z] GET http://localhost:8085/assets/images/book-1.jpg → 200 (?ms, 473164B)
[2026-03-16T23:47:42.640Z] GET http://localhost:8085/assets/images/trees/Cacao.png → 200 (?ms, 730726B)
[2026-03-16T23:47:42.640Z] GET http://localhost:8085/assets/images/trees/Cerezo.png → 200 (?ms, 814012B)
[2026-03-16T23:47:42.640Z] GET http://localhost:8085/assets/logos/Logo_Blanco_LNDB.png → 200 (?ms, 732666B)
[2026-03-16T23:47:42.641Z] GET http://localhost:8085/assets/fonts/Isaodelco-Regular.otf → 200 (?ms, ?B)
[2026-03-16T23:47:42.641Z] GET http://localhost:8085/assets/fonts/Mulish-Regular.ttf → 200 (?ms, ?B)
[2026-03-16T23:47:42.641Z] GET http://localhost:8085/assets/fonts/Mulish-Medium.ttf → 200 (?ms, ?B)
[2026-03-16T23:47:42.641Z] GET http://localhost:8085/assets/fonts/Mulish-SemiBold.ttf → 200 (1ms, ?B)
[2026-03-16T23:47:54.605Z] GET http://localhost:8085/index.html → 200 (?ms, 9668B)
[2026-03-16T23:47:54.608Z] GET http://localhost:8085/css/styles.css → 304 (2ms, ?B)
[2026-03-16T23:47:54.608Z] GET http://localhost:8085/assets/logos/Logo_Ppal_LNDB.png → 200 (?ms, 206157B)
[2026-03-16T23:47:54.608Z] GET http://localhost:8085/assets/images/trees/Eucalipto.png → 200 (?ms, 575261B)
[2026-03-16T23:47:54.608Z] GET http://localhost:8085/assets/images/trees/PalmaCera.png → 200 (?ms, 141214B)
[2026-03-16T23:47:54.608Z] GET http://localhost:8085/assets/images/trees/GuayacanA.png → 200 (?ms, 903104B)
[2026-03-16T23:47:54.608Z] GET http://localhost:8085/assets/images/trees/Ceiba.png → 200 (?ms, 581787B)
[2026-03-16T23:47:54.609Z] GET http://localhost:8085/assets/images/trees/Cacao.png → 200 (?ms, 730726B)
[2026-03-16T23:47:54.609Z] GET http://localhost:8085/assets/images/trees/Copal.png → 200 (?ms, 747763B)
[2026-03-16T23:47:54.609Z] GET http://localhost:8085/assets/images/trees/Roble.png → 200 (?ms, 682777B)
[2026-03-16T23:47:54.609Z] GET http://localhost:8085/assets/images/trees/Caimito.png → 200 (?ms, 955790B)
[2026-03-16T23:47:54.609Z] GET http://localhost:8085/assets/images/trees/GuayacanR.png → 200 (?ms, 1000133B)
[2026-03-16T23:47:54.609Z] GET http://localhost:8085/assets/images/trees/Cerezo.png → 200 (?ms, 814012B)
[2026-03-16T23:47:54.610Z] GET http://localhost:8085/assets/images/book-1.jpg → 200 (?ms, 473164B)
[2026-03-16T23:47:54.610Z] GET http://localhost:8085/assets/images/trees/Cenizo.png → 200 (?ms, 925056B)
[2026-03-16T23:47:54.610Z] GET http://localhost:8085/assets/logos/Logo_Blanco_LNDB.png → 200 (?ms, 732666B)
[2026-03-16T23:47:54.610Z] GET http://localhost:8085/assets/images/trees/Yarumo.png → 200 (?ms, 1061748B)
[2026-03-16T23:47:54.610Z] GET http://localhost:8085/assets/fonts/Isaodelco-Regular.otf → 200 (1ms, ?B)
[2026-03-16T23:47:54.611Z] GET http://localhost:8085/assets/fonts/Mulish-Regular.ttf → 200 (?ms, ?B)
[2026-03-16T23:47:54.611Z] GET http://localhost:8085/assets/fonts/Mulish-Medium.ttf → 200 (?ms, ?B)
[2026-03-16T23:47:54.611Z] GET http://localhost:8085/assets/fonts/Mulish-SemiBold.ttf → 200 (?ms, ?B)
[2026-03-16T23:48:57.192Z] GET http://localhost:8085/productos.html → 200 (2ms, 4711B)
[2026-03-16T23:48:57.197Z] GET http://localhost:8085/css/styles.css → 200 (1ms, 18196B)
[2026-03-16T23:48:57.197Z] GET http://localhost:8085/assets/logos/Logo_Ppal_LNDB.png → 304 (1ms, ?B)
[2026-03-16T23:48:57.197Z] GET http://localhost:8085/assets/images/book-1.jpg → 200 (?ms, 473164B)
[2026-03-16T23:48:57.198Z] GET http://localhost:8085/assets/images/trees/Cacao.png → 200 (?ms, 730726B)
[2026-03-16T23:48:57.198Z] GET http://localhost:8085/assets/images/trees/Cerezo.png → 200 (?ms, 814012B)
[2026-03-16T23:48:57.198Z] GET http://localhost:8085/assets/logos/Logo_Blanco_LNDB.png → 304 (?ms, ?B)
[2026-03-16T23:48:57.198Z] GET http://localhost:8085/assets/fonts/Isaodelco-Regular.otf → 200 (?ms, ?B)
[2026-03-16T23:48:57.198Z] GET http://localhost:8085/assets/fonts/Mulish-Regular.ttf → 200 (?ms, ?B)
[2026-03-16T23:48:57.198Z] GET http://localhost:8085/assets/fonts/Mulish-Medium.ttf → 200 (?ms, ?B)
[2026-03-16T23:48:57.199Z] GET http://localhost:8085/assets/fonts/Mulish-SemiBold.ttf → 200 (?ms, ?B)
[2026-03-16T23:49:29.778Z] GET http://localhost:8085/index.html → 200 (?ms, 9668B)
[2026-03-16T23:49:29.783Z] GET http://localhost:8085/css/styles.css → 304 (2ms, ?B)
[2026-03-16T23:49:29.783Z] GET http://localhost:8085/assets/logos/Logo_Ppal_LNDB.png → 200 (?ms, 206157B)
[2026-03-16T23:49:29.784Z] GET http://localhost:8085/assets/images/trees/Eucalipto.png → 200 (1ms, 575261B)
[2026-03-16T23:49:29.784Z] GET http://localhost:8085/assets/images/trees/PalmaCera.png → 200 (1ms, 141214B)
[2026-03-16T23:49:29.784Z] GET http://localhost:8085/assets/images/trees/GuayacanA.png → 200 (1ms, 903104B)
[2026-03-16T23:49:29.784Z] GET http://localhost:8085/assets/images/trees/Ceiba.png → 200 (1ms, 581787B)
[2026-03-16T23:49:29.784Z] GET http://localhost:8085/assets/images/trees/Cacao.png → 200 (?ms, 730726B)
[2026-03-16T23:49:29.784Z] GET http://localhost:8085/assets/images/trees/Copal.png → 200 (2ms, 747763B)
[2026-03-16T23:49:29.784Z] GET http://localhost:8085/assets/images/trees/Roble.png → 200 (2ms, 682777B)
[2026-03-16T23:49:29.784Z] GET http://localhost:8085/assets/images/trees/Caimito.png → 200 (2ms, 955790B)
[2026-03-16T23:49:29.784Z] GET http://localhost:8085/assets/images/trees/GuayacanR.png → 200 (2ms, 1000133B)
[2026-03-16T23:49:29.784Z] GET http://localhost:8085/assets/images/trees/Cerezo.png → 200 (?ms, 814012B)
[2026-03-16T23:49:29.784Z] GET http://localhost:8085/assets/images/book-1.jpg → 200 (?ms, 473164B)
[2026-03-16T23:49:29.784Z] GET http://localhost:8085/assets/images/trees/Cenizo.png → 200 (2ms, 925056B)
[2026-03-16T23:49:29.784Z] GET http://localhost:8085/assets/logos/Logo_Blanco_LNDB.png → 200 (?ms, 732666B)
[2026-03-16T23:49:29.785Z] GET http://localhost:8085/assets/fonts/Isaodelco-Regular.otf → 200 (?ms, ?B)
[2026-03-16T23:49:29.785Z] GET http://localhost:8085/assets/fonts/Mulish-Regular.ttf → 200 (?ms, ?B)
[2026-03-16T23:49:29.786Z] GET http://localhost:8085/assets/fonts/Mulish-Medium.ttf → 200 (?ms, ?B)
[2026-03-16T23:49:29.786Z] GET http://localhost:8085/assets/fonts/Mulish-SemiBold.ttf → 200 (?ms, ?B)
[2026-03-16T23:49:29.811Z] GET http://localhost:8085/assets/images/trees/Yarumo.png → 200 (?ms, 1061748B)
[2026-03-16T23:50:39.541Z] GET http://localhost:8085/index.html → 200 (?ms, 9668B)
[2026-03-16T23:50:39.544Z] GET http://localhost:8085/css/styles.css → 200 (5ms, 18436B)
[2026-03-16T23:50:39.545Z] GET http://localhost:8085/assets/logos/Logo_Ppal_LNDB.png → 200 (?ms, 206157B)
[2026-03-16T23:50:39.545Z] GET http://localhost:8085/assets/images/trees/Eucalipto.png → 200 (?ms, 575261B)
[2026-03-16T23:50:39.545Z] GET http://localhost:8085/assets/images/trees/PalmaCera.png → 200 (?ms, 141214B)
[2026-03-16T23:50:39.545Z] GET http://localhost:8085/assets/images/trees/GuayacanA.png → 200 (?ms, 903104B)
[2026-03-16T23:50:39.545Z] GET http://localhost:8085/assets/images/trees/Ceiba.png → 200 (?ms, 581787B)
[2026-03-16T23:50:39.545Z] GET http://localhost:8085/assets/images/trees/Cacao.png → 200 (?ms, 730726B)
[2026-03-16T23:50:39.546Z] GET http://localhost:8085/assets/images/trees/Copal.png → 200 (?ms, 747763B)
[2026-03-16T23:50:39.546Z] GET http://localhost:8085/assets/images/trees/Roble.png → 200 (?ms, 682777B)
[2026-03-16T23:50:39.546Z] GET http://localhost:8085/assets/images/trees/Caimito.png → 200 (?ms, 955790B)
[2026-03-16T23:50:39.546Z] GET http://localhost:8085/assets/images/trees/GuayacanR.png → 200 (?ms, 1000133B)
[2026-03-16T23:50:39.547Z] GET http://localhost:8085/assets/images/trees/Cerezo.png → 200 (?ms, 814012B)
[2026-03-16T23:50:39.548Z] GET http://localhost:8085/assets/images/book-1.jpg → 200 (?ms, 473164B)
[2026-03-16T23:50:39.548Z] GET http://localhost:8085/assets/images/trees/Cenizo.png → 200 (?ms, 925056B)
[2026-03-16T23:50:39.548Z] GET http://localhost:8085/assets/logos/Logo_Blanco_LNDB.png → 200 (1ms, 732666B)
[2026-03-16T23:50:39.550Z] GET http://localhost:8085/assets/images/trees/Yarumo.png → 200 (?ms, 1061748B)
[2026-03-16T23:50:39.550Z] GET http://localhost:8085/assets/fonts/Isaodelco-Regular.otf → 200 (?ms, ?B)
[2026-03-16T23:50:39.551Z] GET http://localhost:8085/assets/fonts/Mulish-Regular.ttf → 200 (?ms, ?B)
[2026-03-16T23:50:39.551Z] GET http://localhost:8085/assets/fonts/Mulish-Medium.ttf → 200 (?ms, ?B)
[2026-03-16T23:50:39.551Z] GET http://localhost:8085/assets/fonts/Mulish-SemiBold.ttf → 200 (?ms, ?B)
[2026-03-16T23:50:51.597Z] GET http://localhost:8085/index.html → 200 (1ms, 9668B)
[2026-03-16T23:50:51.600Z] GET http://localhost:8085/css/styles.css → 304 (3ms, ?B)
[2026-03-16T23:50:51.600Z] GET http://localhost:8085/assets/logos/Logo_Ppal_LNDB.png → 200 (?ms, 206157B)
[2026-03-16T23:50:51.601Z] GET http://localhost:8085/assets/images/trees/Eucalipto.png → 200 (?ms, 575261B)
[2026-03-16T23:50:51.601Z] GET http://localhost:8085/assets/images/trees/PalmaCera.png → 200 (?ms, 141214B)
[2026-03-16T23:50:51.601Z] GET http://localhost:8085/assets/images/trees/GuayacanA.png → 200 (?ms, 903104B)
[2026-03-16T23:50:51.601Z] GET http://localhost:8085/assets/images/trees/Ceiba.png → 200 (?ms, 581787B)
[2026-03-16T23:50:51.601Z] GET http://localhost:8085/assets/images/trees/Cacao.png → 200 (?ms, 730726B)
[2026-03-16T23:50:51.601Z] GET http://localhost:8085/assets/images/trees/Copal.png → 200 (?ms, 747763B)
[2026-03-16T23:50:51.601Z] GET http://localhost:8085/assets/images/trees/Roble.png → 200 (?ms, 682777B)
[2026-03-16T23:50:51.601Z] GET http://localhost:8085/assets/images/trees/Caimito.png → 200 (?ms, 955790B)
[2026-03-16T23:50:51.602Z] GET http://localhost:8085/assets/images/trees/GuayacanR.png → 200 (?ms, 1000133B)
[2026-03-16T23:50:51.602Z] GET http://localhost:8085/assets/images/trees/Cerezo.png → 200 (?ms, 814012B)
[2026-03-16T23:50:51.602Z] GET http://localhost:8085/assets/images/book-1.jpg → 200 (?ms, 473164B)
[2026-03-16T23:50:51.602Z] GET http://localhost:8085/assets/images/trees/Cenizo.png → 200 (?ms, 925056B)
[2026-03-16T23:50:51.602Z] GET http://localhost:8085/assets/logos/Logo_Blanco_LNDB.png → 200 (?ms, 732666B)
[2026-03-16T23:50:51.603Z] GET http://localhost:8085/assets/images/trees/Yarumo.png → 200 (?ms, 1061748B)
[2026-03-16T23:50:51.603Z] GET http://localhost:8085/assets/fonts/Isaodelco-Regular.otf → 200 (?ms, ?B)
[2026-03-16T23:50:51.603Z] GET http://localhost:8085/assets/fonts/Mulish-Regular.ttf → 200 (?ms, ?B)
[2026-03-16T23:50:51.603Z] GET http://localhost:8085/assets/fonts/Mulish-Medium.ttf → 200 (?ms, ?B)
[2026-03-16T23:50:51.603Z] GET http://localhost:8085/assets/fonts/Mulish-SemiBold.ttf → 200 (?ms, ?B)
[2026-03-16T23:50:57.216Z] GET http://localhost:8085/index.html → 200 (1ms, 9668B)
[2026-03-16T23:50:57.219Z] GET http://localhost:8085/css/styles.css → 304 (4ms, ?B)
[2026-03-16T23:50:57.219Z] GET http://localhost:8085/assets/logos/Logo_Ppal_LNDB.png → 200 (?ms, 206157B)
[2026-03-16T23:50:57.220Z] GET http://localhost:8085/assets/images/trees/Eucalipto.png → 200 (?ms, 575261B)
[2026-03-16T23:50:57.220Z] GET http://localhost:8085/assets/images/trees/PalmaCera.png → 200 (?ms, 141214B)
[2026-03-16T23:50:57.220Z] GET http://localhost:8085/assets/images/trees/GuayacanA.png → 200 (?ms, 903104B)
[2026-03-16T23:50:57.220Z] GET http://localhost:8085/assets/images/trees/Ceiba.png → 200 (1ms, 581787B)
[2026-03-16T23:50:57.221Z] GET http://localhost:8085/assets/images/trees/Cacao.png → 200 (?ms, 730726B)
[2026-03-16T23:50:57.221Z] GET http://localhost:8085/assets/images/trees/Copal.png → 200 (?ms, 747763B)
[2026-03-16T23:50:57.221Z] GET http://localhost:8085/assets/images/trees/Roble.png → 200 (?ms, 682777B)
[2026-03-16T23:50:57.221Z] GET http://localhost:8085/assets/images/trees/Caimito.png → 200 (?ms, 955790B)
[2026-03-16T23:50:57.222Z] GET http://localhost:8085/assets/images/trees/GuayacanR.png → 200 (?ms, 1000133B)
[2026-03-16T23:50:57.222Z] GET http://localhost:8085/assets/images/trees/Cerezo.png → 200 (?ms, 814012B)
[2026-03-16T23:50:57.222Z] GET http://localhost:8085/assets/images/book-1.jpg → 200 (?ms, 473164B)
[2026-03-16T23:50:57.223Z] GET http://localhost:8085/assets/images/trees/Cenizo.png → 200 (?ms, 925056B)
[2026-03-16T23:50:57.223Z] GET http://localhost:8085/assets/logos/Logo_Blanco_LNDB.png → 200 (?ms, 732666B)
[2026-03-16T23:50:57.224Z] GET http://localhost:8085/assets/images/trees/Yarumo.png → 200 (?ms, 1061748B)
[2026-03-16T23:50:57.224Z] GET http://localhost:8085/assets/fonts/Isaodelco-Regular.otf → 200 (?ms, ?B)
[2026-03-16T23:50:57.224Z] GET http://localhost:8085/assets/fonts/Mulish-Regular.ttf → 200 (?ms, ?B)
[2026-03-16T23:50:57.225Z] GET http://localhost:8085/assets/fonts/Mulish-Medium.ttf → 200 (?ms, ?B)
[2026-03-16T23:50:57.225Z] GET http://localhost:8085/assets/fonts/Mulish-SemiBold.ttf → 200 (?ms, ?B)
[2026-03-16T23:52:46.686Z] GET http://localhost:8085/index.html → 200 (2ms, 9668B)
[2026-03-16T23:52:46.691Z] GET http://localhost:8085/css/styles.css → 200 (3ms, 18222B)
[2026-03-16T23:52:46.692Z] GET http://localhost:8085/assets/logos/Logo_Ppal_LNDB.png → 200 (?ms, 206157B)
[2026-03-16T23:52:46.692Z] GET http://localhost:8085/assets/images/trees/Eucalipto.png → 200 (?ms, 575261B)
[2026-03-16T23:52:46.692Z] GET http://localhost:8085/assets/images/trees/PalmaCera.png → 200 (?ms, 141214B)
[2026-03-16T23:52:46.692Z] GET http://localhost:8085/assets/images/trees/GuayacanA.png → 200 (?ms, 903104B)
[2026-03-16T23:52:46.692Z] GET http://localhost:8085/assets/images/trees/Ceiba.png → 200 (?ms, 581787B)
[2026-03-16T23:52:46.692Z] GET http://localhost:8085/assets/images/trees/Cacao.png → 200 (?ms, 730726B)
[2026-03-16T23:52:46.692Z] GET http://localhost:8085/assets/images/trees/Copal.png → 200 (?ms, 747763B)
[2026-03-16T23:52:46.692Z] GET http://localhost:8085/assets/images/trees/Roble.png → 200 (?ms, 682777B)
[2026-03-16T23:52:46.693Z] GET http://localhost:8085/assets/images/trees/Caimito.png → 200 (?ms, 955790B)
[2026-03-16T23:52:46.693Z] GET http://localhost:8085/assets/images/trees/GuayacanR.png → 200 (?ms, 1000133B)
[2026-03-16T23:52:46.693Z] GET http://localhost:8085/assets/images/trees/Cerezo.png → 200 (?ms, 814012B)
[2026-03-16T23:52:46.693Z] GET http://localhost:8085/assets/images/book-1.jpg → 200 (?ms, 473164B)
[2026-03-16T23:52:46.693Z] GET http://localhost:8085/assets/images/trees/Cenizo.png → 200 (?ms, 925056B)
[2026-03-16T23:52:46.693Z] GET http://localhost:8085/assets/logos/Logo_Blanco_LNDB.png → 200 (1ms, 732666B)
[2026-03-16T23:52:46.694Z] GET http://localhost:8085/assets/images/trees/Yarumo.png → 200 (?ms, 1061748B)
[2026-03-16T23:52:46.694Z] GET http://localhost:8085/assets/fonts/Isaodelco-Regular.otf → 200 (?ms, ?B)
[2026-03-16T23:52:46.694Z] GET http://localhost:8085/assets/fonts/Mulish-Regular.ttf → 200 (?ms, ?B)
[2026-03-16T23:52:46.694Z] GET http://localhost:8085/assets/fonts/Mulish-Medium.ttf → 200 (?ms, ?B)
[2026-03-16T23:52:46.694Z] GET http://localhost:8085/assets/fonts/Mulish-SemiBold.ttf → 200 (?ms, ?B)
[2026-03-16T23:52:51.617Z] GET http://localhost:8085/index.html → 200 (1ms, 9668B)
[2026-03-16T23:52:51.621Z] GET http://localhost:8085/css/styles.css → 304 (1ms, ?B)
[2026-03-16T23:52:51.621Z] GET http://localhost:8085/assets/logos/Logo_Ppal_LNDB.png → 200 (?ms, 206157B)
[2026-03-16T23:52:51.621Z] GET http://localhost:8085/assets/images/trees/Eucalipto.png → 200 (?ms, 575261B)
[2026-03-16T23:52:51.621Z] GET http://localhost:8085/assets/images/trees/PalmaCera.png → 200 (?ms, 141214B)
[2026-03-16T23:52:51.621Z] GET http://localhost:8085/assets/images/trees/GuayacanA.png → 200 (?ms, 903104B)
[2026-03-16T23:52:51.621Z] GET http://localhost:8085/assets/images/trees/Ceiba.png → 200 (?ms, 581787B)
[2026-03-16T23:52:51.621Z] GET http://localhost:8085/assets/images/trees/Cacao.png → 200 (?ms, 730726B)
[2026-03-16T23:52:51.621Z] GET http://localhost:8085/assets/images/trees/Copal.png → 200 (?ms, 747763B)
[2026-03-16T23:52:51.621Z] GET http://localhost:8085/assets/images/trees/Roble.png → 200 (1ms, 682777B)
[2026-03-16T23:52:51.622Z] GET http://localhost:8085/assets/images/trees/Caimito.png → 200 (?ms, 955790B)
[2026-03-16T23:52:51.622Z] GET http://localhost:8085/assets/images/trees/GuayacanR.png → 200 (?ms, 1000133B)
[2026-03-16T23:52:51.622Z] GET http://localhost:8085/assets/images/trees/Cerezo.png → 200 (?ms, 814012B)
[2026-03-16T23:52:51.622Z] GET http://localhost:8085/assets/images/book-1.jpg → 200 (?ms, 473164B)
[2026-03-16T23:52:51.622Z] GET http://localhost:8085/assets/images/trees/Cenizo.png → 200 (?ms, 925056B)
[2026-03-16T23:52:51.622Z] GET http://localhost:8085/assets/logos/Logo_Blanco_LNDB.png → 200 (?ms, 732666B)
[2026-03-16T23:52:51.622Z] GET http://localhost:8085/assets/images/trees/Yarumo.png → 200 (?ms, 1061748B)
[2026-03-16T23:52:51.623Z] GET http://localhost:8085/assets/fonts/Isaodelco-Regular.otf → 200 (?ms, ?B)
[2026-03-16T23:52:51.623Z] GET http://localhost:8085/assets/fonts/Mulish-Regular.ttf → 200 (?ms, ?B)
[2026-03-16T23:52:51.623Z] GET http://localhost:8085/assets/fonts/Mulish-Medium.ttf → 200 (?ms, ?B)
[2026-03-16T23:52:51.623Z] GET http://localhost:8085/assets/fonts/Mulish-SemiBold.ttf → 200 (?ms, ?B)
[2026-03-16T23:54:28.786Z] GET http://localhost:8085/index.html → 200 (2ms, 9668B)
[2026-03-16T23:54:28.790Z] GET http://localhost:8085/css/styles.css → 200 (2ms, 18222B)
[2026-03-16T23:54:28.790Z] GET http://localhost:8085/assets/logos/Logo_Ppal_LNDB.png → 200 (?ms, 206157B)
[2026-03-16T23:54:28.790Z] GET http://localhost:8085/assets/images/trees/Eucalipto.png → 200 (?ms, 575261B)
[2026-03-16T23:54:28.790Z] GET http://localhost:8085/assets/images/trees/PalmaCera.png → 200 (?ms, 141214B)
[2026-03-16T23:54:28.790Z] GET http://localhost:8085/assets/images/trees/GuayacanA.png → 200 (?ms, 903104B)
[2026-03-16T23:54:28.790Z] GET http://localhost:8085/assets/images/trees/Ceiba.png → 200 (?ms, 581787B)
[2026-03-16T23:54:28.790Z] GET http://localhost:8085/assets/images/trees/Cacao.png → 200 (1ms, 730726B)
[2026-03-16T23:54:28.791Z] GET http://localhost:8085/assets/images/trees/Copal.png → 200 (?ms, 747763B)
[2026-03-16T23:54:28.791Z] GET http://localhost:8085/assets/images/trees/Roble.png → 200 (?ms, 682777B)
[2026-03-16T23:54:28.791Z] GET http://localhost:8085/assets/images/trees/Caimito.png → 200 (?ms, 955790B)
[2026-03-16T23:54:28.791Z] GET http://localhost:8085/assets/images/trees/GuayacanR.png → 200 (?ms, 1000133B)
[2026-03-16T23:54:28.791Z] GET http://localhost:8085/assets/images/trees/Cerezo.png → 200 (?ms, 814012B)
[2026-03-16T23:54:28.791Z] GET http://localhost:8085/assets/images/book-1.jpg → 200 (?ms, 473164B)
[2026-03-16T23:54:28.791Z] GET http://localhost:8085/assets/images/trees/Cenizo.png → 200 (?ms, 925056B)
[2026-03-16T23:54:28.791Z] GET http://localhost:8085/assets/logos/Logo_Blanco_LNDB.png → 200 (1ms, 732666B)
[2026-03-16T23:54:28.792Z] GET http://localhost:8085/assets/images/trees/Yarumo.png → 200 (?ms, 1061748B)
[2026-03-16T23:54:28.792Z] GET http://localhost:8085/assets/fonts/Isaodelco-Regular.otf → 200 (?ms, ?B)
[2026-03-16T23:54:28.792Z] GET http://localhost:8085/assets/fonts/Mulish-Regular.ttf → 200 (?ms, ?B)
[2026-03-16T23:54:28.792Z] GET http://localhost:8085/assets/fonts/Mulish-Medium.ttf → 200 (?ms, ?B)
[2026-03-16T23:54:28.794Z] GET http://localhost:8085/assets/fonts/Mulish-SemiBold.ttf → 200 (?ms, ?B)
[2026-03-16T23:54:34.318Z] GET http://localhost:8085/index.html → 200 (?ms, 9668B)
[2026-03-16T23:54:34.320Z] GET http://localhost:8085/css/styles.css → 304 (3ms, ?B)
[2026-03-16T23:54:34.320Z] GET http://localhost:8085/assets/logos/Logo_Ppal_LNDB.png → 200 (?ms, 206157B)
[2026-03-16T23:54:34.321Z] GET http://localhost:8085/assets/images/trees/Eucalipto.png → 200 (?ms, 575261B)
[2026-03-16T23:54:34.321Z] GET http://localhost:8085/assets/images/trees/PalmaCera.png → 200 (?ms, 141214B)
[2026-03-16T23:54:34.321Z] GET http://localhost:8085/assets/images/trees/GuayacanA.png → 200 (?ms, 903104B)
[2026-03-16T23:54:34.321Z] GET http://localhost:8085/assets/images/trees/Ceiba.png → 200 (?ms, 581787B)
[2026-03-16T23:54:34.321Z] GET http://localhost:8085/assets/images/trees/Cacao.png → 200 (?ms, 730726B)
[2026-03-16T23:54:34.321Z] GET http://localhost:8085/assets/images/trees/Copal.png → 200 (?ms, 747763B)
[2026-03-16T23:54:34.321Z] GET http://localhost:8085/assets/images/trees/Roble.png → 200 (?ms, 682777B)
[2026-03-16T23:54:34.323Z] GET http://localhost:8085/assets/images/trees/Caimito.png → 200 (?ms, 955790B)
[2026-03-16T23:54:34.323Z] GET http://localhost:8085/assets/images/trees/GuayacanR.png → 200 (?ms, 1000133B)
[2026-03-16T23:54:34.323Z] GET http://localhost:8085/assets/images/trees/Cerezo.png → 200 (?ms, 814012B)
[2026-03-16T23:54:34.323Z] GET http://localhost:8085/assets/images/book-1.jpg → 200 (?ms, 473164B)
[2026-03-16T23:54:34.323Z] GET http://localhost:8085/assets/images/trees/Cenizo.png → 200 (?ms, 925056B)
[2026-03-16T23:54:34.323Z] GET http://localhost:8085/assets/logos/Logo_Blanco_LNDB.png → 200 (?ms, 732666B)
[2026-03-16T23:54:34.324Z] GET http://localhost:8085/assets/images/trees/Yarumo.png → 200 (?ms, 1061748B)
[2026-03-16T23:54:34.324Z] GET http://localhost:8085/assets/fonts/Isaodelco-Regular.otf → 200 (?ms, ?B)
[2026-03-16T23:54:34.324Z] GET http://localhost:8085/assets/fonts/Mulish-Regular.ttf → 200 (?ms, ?B)
[2026-03-16T23:54:34.324Z] GET http://localhost:8085/assets/fonts/Mulish-Medium.ttf → 200 (?ms, ?B)
[2026-03-16T23:54:34.324Z] GET http://localhost:8085/assets/fonts/Mulish-SemiBold.ttf → 200 (?ms, ?B)
[2026-03-16T23:54:39.240Z] GET http://localhost:8085/index.html → 200 (?ms, 9668B)
[2026-03-16T23:54:39.244Z] GET http://localhost:8085/css/styles.css → 304 (4ms, ?B)
[2026-03-16T23:54:39.244Z] GET http://localhost:8085/assets/logos/Logo_Ppal_LNDB.png → 200 (?ms, 206157B)
[2026-03-16T23:54:39.244Z] GET http://localhost:8085/assets/images/trees/Eucalipto.png → 200 (?ms, 575261B)
[2026-03-16T23:54:39.244Z] GET http://localhost:8085/assets/images/trees/PalmaCera.png → 200 (?ms, 141214B)
[2026-03-16T23:54:39.244Z] GET http://localhost:8085/assets/images/trees/GuayacanA.png → 200 (?ms, 903104B)
[2026-03-16T23:54:39.244Z] GET http://localhost:8085/assets/images/trees/Ceiba.png → 200 (?ms, 581787B)
[2026-03-16T23:54:39.244Z] GET http://localhost:8085/assets/images/trees/Cacao.png → 200 (?ms, 730726B)
[2026-03-16T23:54:39.244Z] GET http://localhost:8085/assets/images/trees/Copal.png → 200 (?ms, 747763B)
[2026-03-16T23:54:39.244Z] GET http://localhost:8085/assets/images/trees/Roble.png → 200 (?ms, 682777B)
[2026-03-16T23:54:39.245Z] GET http://localhost:8085/assets/images/trees/Caimito.png → 200 (?ms, 955790B)
[2026-03-16T23:54:39.245Z] GET http://localhost:8085/assets/images/trees/GuayacanR.png → 200 (1ms, 1000133B)
[2026-03-16T23:54:39.246Z] GET http://localhost:8085/assets/images/trees/Cerezo.png → 200 (1ms, 814012B)
[2026-03-16T23:54:39.247Z] GET http://localhost:8085/assets/images/book-1.jpg → 200 (?ms, 473164B)
[2026-03-16T23:54:39.247Z] GET http://localhost:8085/assets/images/trees/Cenizo.png → 200 (?ms, 925056B)
[2026-03-16T23:54:39.248Z] GET http://localhost:8085/assets/logos/Logo_Blanco_LNDB.png → 200 (?ms, 732666B)
[2026-03-16T23:54:39.248Z] GET http://localhost:8085/assets/images/trees/Yarumo.png → 200 (?ms, 1061748B)
[2026-03-16T23:54:39.249Z] GET http://localhost:8085/assets/fonts/Isaodelco-Regular.otf → 200 (?ms, ?B)
[2026-03-16T23:54:39.249Z] GET http://localhost:8085/assets/fonts/Mulish-Regular.ttf → 200 (?ms, ?B)
[2026-03-16T23:54:39.249Z] GET http://localhost:8085/assets/fonts/Mulish-Medium.ttf → 200 (?ms, ?B)
[2026-03-16T23:54:39.250Z] GET http://localhost:8085/assets/fonts/Mulish-SemiBold.ttf → 200 (?ms, ?B)
[2026-03-16T23:57:45.133Z] GET http://localhost:8085/index.html → 200 (1ms, 9668B)
[2026-03-16T23:57:45.136Z] GET http://localhost:8085/css/styles.css → 200 (2ms, 17348B)
[2026-03-16T23:57:45.136Z] GET http://localhost:8085/assets/logos/Logo_Ppal_LNDB.png → 200 (?ms, 206157B)
[2026-03-16T23:57:45.136Z] GET http://localhost:8085/assets/images/trees/Eucalipto.png → 200 (1ms, 575261B)
[2026-03-16T23:57:45.137Z] GET http://localhost:8085/assets/images/trees/PalmaCera.png → 200 (?ms, 141214B)
[2026-03-16T23:57:45.137Z] GET http://localhost:8085/assets/images/trees/GuayacanA.png → 200 (?ms, 903104B)
[2026-03-16T23:57:45.137Z] GET http://localhost:8085/assets/images/trees/Ceiba.png → 200 (?ms, 581787B)
[2026-03-16T23:57:45.137Z] GET http://localhost:8085/assets/images/trees/Cacao.png → 200 (?ms, 730726B)
[2026-03-16T23:57:45.137Z] GET http://localhost:8085/assets/images/trees/Copal.png → 200 (?ms, 747763B)
[2026-03-16T23:57:45.137Z] GET http://localhost:8085/assets/images/trees/Roble.png → 200 (?ms, 682777B)
[2026-03-16T23:57:45.137Z] GET http://localhost:8085/assets/images/trees/Caimito.png → 200 (?ms, 955790B)
[2026-03-16T23:57:45.138Z] GET http://localhost:8085/assets/images/trees/GuayacanR.png → 200 (?ms, 1000133B)
[2026-03-16T23:57:45.138Z] GET http://localhost:8085/assets/images/trees/Cerezo.png → 200 (?ms, 814012B)
[2026-03-16T23:57:45.138Z] GET http://localhost:8085/assets/images/book-1.jpg → 304 (1ms, ?B)
[2026-03-16T23:57:45.138Z] GET http://localhost:8085/assets/images/trees/Cenizo.png → 200 (?ms, 925056B)
[2026-03-16T23:57:45.138Z] GET http://localhost:8085/assets/logos/Logo_Blanco_LNDB.png → 200 (?ms, 732666B)
[2026-03-16T23:57:45.138Z] GET http://localhost:8085/assets/images/trees/Yarumo.png → 200 (1ms, 1061748B)
[2026-03-16T23:57:45.139Z] GET http://localhost:8085/assets/fonts/Isaodelco-Regular.otf → 200 (?ms, ?B)
[2026-03-16T23:57:45.139Z] GET http://localhost:8085/assets/fonts/Mulish-Regular.ttf → 200 (?ms, ?B)
[2026-03-16T23:57:45.139Z] GET http://localhost:8085/assets/fonts/Mulish-Medium.ttf → 200 (?ms, ?B)
[2026-03-16T23:57:45.139Z] GET http://localhost:8085/assets/fonts/Mulish-SemiBold.ttf → 200 (?ms, ?B)
[2026-03-16T23:58:37.103Z] GET http://localhost:8085/index.html → 200 (?ms, 9668B)
[2026-03-16T23:58:37.106Z] GET http://localhost:8085/css/styles.css → 200 (5ms, 17345B)
[2026-03-16T23:58:37.106Z] GET http://localhost:8085/assets/logos/Logo_Ppal_LNDB.png → 200 (?ms, 206157B)
[2026-03-16T23:58:37.106Z] GET http://localhost:8085/assets/images/trees/Eucalipto.png → 200 (?ms, 575261B)
[2026-03-16T23:58:37.106Z] GET http://localhost:8085/assets/images/trees/PalmaCera.png → 200 (?ms, 141214B)
[2026-03-16T23:58:37.106Z] GET http://localhost:8085/assets/images/trees/GuayacanA.png → 200 (?ms, 903104B)
[2026-03-16T23:58:37.106Z] GET http://localhost:8085/assets/images/trees/Ceiba.png → 200 (?ms, 581787B)
[2026-03-16T23:58:37.106Z] GET http://localhost:8085/assets/images/trees/Cacao.png → 200 (1ms, 730726B)
[2026-03-16T23:58:37.107Z] GET http://localhost:8085/assets/images/trees/Copal.png → 200 (?ms, 747763B)
[2026-03-16T23:58:37.107Z] GET http://localhost:8085/assets/images/trees/Roble.png → 200 (?ms, 682777B)
[2026-03-16T23:58:37.107Z] GET http://localhost:8085/assets/images/trees/Caimito.png → 200 (?ms, 955790B)
[2026-03-16T23:58:37.107Z] GET http://localhost:8085/assets/images/trees/GuayacanR.png → 200 (?ms, 1000133B)
[2026-03-16T23:58:37.107Z] GET http://localhost:8085/assets/images/trees/Cerezo.png → 200 (?ms, 814012B)
[2026-03-16T23:58:37.111Z] GET http://localhost:8085/assets/images/book-1.jpg → 200 (?ms, 473164B)
[2026-03-16T23:58:37.111Z] GET http://localhost:8085/assets/images/trees/Cenizo.png → 200 (?ms, 925056B)
[2026-03-16T23:58:37.111Z] GET http://localhost:8085/assets/logos/Logo_Blanco_LNDB.png → 200 (?ms, 732666B)
[2026-03-16T23:58:37.111Z] GET http://localhost:8085/assets/images/trees/Yarumo.png → 200 (1ms, 1061748B)
[2026-03-16T23:58:37.112Z] GET http://localhost:8085/assets/fonts/Isaodelco-Regular.otf → 200 (?ms, ?B)
[2026-03-16T23:58:37.113Z] GET http://localhost:8085/assets/fonts/Mulish-Regular.ttf → 200 (?ms, ?B)
[2026-03-16T23:58:37.113Z] GET http://localhost:8085/assets/fonts/Mulish-Medium.ttf → 200 (?ms, ?B)
[2026-03-16T23:58:37.113Z] GET http://localhost:8085/assets/fonts/Mulish-SemiBold.ttf → 200 (?ms, ?B)
[2026-03-16T23:59:14.999Z] GET http://localhost:8085/index.html → 200 (?ms, 9668B)
[2026-03-16T23:59:15.002Z] GET http://localhost:8085/css/styles.css → 304 (2ms, ?B)
[2026-03-16T23:59:15.002Z] GET http://localhost:8085/assets/logos/Logo_Ppal_LNDB.png → 200 (?ms, 206157B)
[2026-03-16T23:59:15.002Z] GET http://localhost:8085/assets/images/trees/Eucalipto.png → 200 (?ms, 575261B)
[2026-03-16T23:59:15.002Z] GET http://localhost:8085/assets/images/trees/PalmaCera.png → 200 (?ms, 141214B)
[2026-03-16T23:59:15.002Z] GET http://localhost:8085/assets/images/trees/GuayacanA.png → 200 (?ms, 903104B)
[2026-03-16T23:59:15.002Z] GET http://localhost:8085/assets/images/trees/Ceiba.png → 200 (1ms, 581787B)
[2026-03-16T23:59:15.003Z] GET http://localhost:8085/assets/images/trees/Cacao.png → 200 (?ms, 730726B)
[2026-03-16T23:59:15.003Z] GET http://localhost:8085/assets/images/trees/Copal.png → 200 (?ms, 747763B)
[2026-03-16T23:59:15.003Z] GET http://localhost:8085/assets/images/trees/Roble.png → 200 (?ms, 682777B)
[2026-03-16T23:59:15.003Z] GET http://localhost:8085/assets/images/trees/Caimito.png → 200 (?ms, 955790B)
[2026-03-16T23:59:15.003Z] GET http://localhost:8085/assets/images/trees/GuayacanR.png → 200 (?ms, 1000133B)
[2026-03-16T23:59:15.003Z] GET http://localhost:8085/assets/images/trees/Cerezo.png → 200 (?ms, 814012B)
[2026-03-16T23:59:15.003Z] GET http://localhost:8085/assets/images/book-1.jpg → 200 (?ms, 473164B)
[2026-03-16T23:59:15.003Z] GET http://localhost:8085/assets/images/trees/Cenizo.png → 200 (1ms, 925056B)
[2026-03-16T23:59:15.004Z] GET http://localhost:8085/assets/logos/Logo_Blanco_LNDB.png → 200 (?ms, 732666B)
[2026-03-16T23:59:15.004Z] GET http://localhost:8085/assets/images/trees/Yarumo.png → 200 (?ms, 1061748B)
[2026-03-16T23:59:15.004Z] GET http://localhost:8085/assets/fonts/Isaodelco-Regular.otf → 200 (?ms, ?B)
[2026-03-16T23:59:15.004Z] GET http://localhost:8085/assets/fonts/Mulish-Regular.ttf → 200 (?ms, ?B)
[2026-03-16T23:59:15.004Z] GET http://localhost:8085/assets/fonts/Mulish-Medium.ttf → 200 (?ms, ?B)
[2026-03-16T23:59:15.004Z] GET http://localhost:8085/assets/fonts/Mulish-SemiBold.ttf → 200 (?ms, ?B)
[2026-03-16T23:59:33.232Z] GET http://localhost:8085/quienes-somos.html → 200 (1ms, 6728B)
[2026-03-16T23:59:33.235Z] GET http://localhost:8085/css/styles.css → 304 (3ms, ?B)
[2026-03-16T23:59:33.235Z] GET http://localhost:8085/assets/logos/Logo_Ppal_LNDB.png → 200 (?ms, 206157B)
[2026-03-16T23:59:33.235Z] GET http://localhost:8085/assets/images/backgrounds/Copal%202.jpg → 200 (3ms, 101071B)
[2026-03-16T23:59:33.235Z] GET http://localhost:8085/assets/images/book-2.jpg → 200 (3ms, 441982B)
[2026-03-16T23:59:33.235Z] GET http://localhost:8085/assets/logos/Logo_Blanco_LNDB.png → 200 (1ms, 732666B)
[2026-03-16T23:59:33.236Z] GET http://localhost:8085/assets/images/trees/Ceiba.png → 200 (?ms, 581787B)
[2026-03-16T23:59:33.236Z] GET http://localhost:8085/assets/images/trees/GuayacanR.png → 200 (?ms, 1000133B)
[2026-03-16T23:59:33.238Z] GET http://localhost:8085/assets/fonts/Isaodelco-Regular.otf → 200 (?ms, ?B)
[2026-03-16T23:59:33.238Z] GET http://localhost:8085/assets/fonts/Mulish-Regular.ttf → 200 (?ms, ?B)
[2026-03-16T23:59:33.238Z] GET http://localhost:8085/assets/fonts/Mulish-Medium.ttf → 200 (?ms, ?B)
[2026-03-16T23:59:33.238Z] GET http://localhost:8085/assets/fonts/Mulish-SemiBold.ttf → 200 (?ms, ?B)
[2026-03-16T23:59:59.274Z] GET http://localhost:8085/productos.html → 200 (1ms, 4711B)
[2026-03-16T23:59:59.277Z] GET http://localhost:8085/css/styles.css → 200 (1ms, 17361B)
[2026-03-16T23:59:59.277Z] GET http://localhost:8085/assets/logos/Logo_Ppal_LNDB.png → 304 (3ms, ?B)
[2026-03-16T23:59:59.278Z] GET http://localhost:8085/assets/images/book-1.jpg → 200 (?ms, 473164B)
[2026-03-16T23:59:59.278Z] GET http://localhost:8085/assets/images/trees/Cacao.png → 200 (2ms, 730726B)
[2026-03-16T23:59:59.278Z] GET http://localhost:8085/assets/images/trees/Cerezo.png → 200 (2ms, 814012B)
[2026-03-16T23:59:59.278Z] GET http://localhost:8085/assets/logos/Logo_Blanco_LNDB.png → 304 (2ms, ?B)
[2026-03-16T23:59:59.280Z] GET http://localhost:8085/assets/fonts/Isaodelco-Regular.otf → 200 (?ms, ?B)
[2026-03-16T23:59:59.280Z] GET http://localhost:8085/assets/fonts/Mulish-Regular.ttf → 200 (?ms, ?B)
[2026-03-16T23:59:59.280Z] GET http://localhost:8085/assets/fonts/Mulish-Medium.ttf → 200 (?ms, ?B)
[2026-03-16T23:59:59.280Z] GET http://localhost:8085/assets/fonts/Mulish-SemiBold.ttf → 200 (?ms, ?B)
[2026-03-17T00:00:51.854Z] GET http://localhost:8085/productos.html → 200 (1ms, 4711B)
[2026-03-17T00:00:51.856Z] GET http://localhost:8085/css/styles.css → 200 (?ms, 17279B)
[2026-03-17T00:00:51.856Z] GET http://localhost:8085/assets/logos/Logo_Ppal_LNDB.png → 200 (?ms, 206157B)
[2026-03-17T00:00:51.856Z] GET http://localhost:8085/assets/images/book-1.jpg → 200 (?ms, 473164B)
[2026-03-17T00:00:51.856Z] GET http://localhost:8085/assets/images/trees/Cacao.png → 200 (?ms, 730726B)
[2026-03-17T00:00:51.856Z] GET http://localhost:8085/assets/images/trees/Cerezo.png → 200 (?ms, 814012B)
[2026-03-17T00:00:51.856Z] GET http://localhost:8085/assets/logos/Logo_Blanco_LNDB.png → 200 (?ms, 732666B)
[2026-03-17T00:00:51.857Z] GET http://localhost:8085/assets/fonts/Isaodelco-Regular.otf → 200 (?ms, ?B)
[2026-03-17T00:00:51.857Z] GET http://localhost:8085/assets/fonts/Mulish-Regular.ttf → 200 (?ms, ?B)
[2026-03-17T00:00:51.857Z] GET http://localhost:8085/assets/fonts/Mulish-Medium.ttf → 200 (?ms, ?B)
[2026-03-17T00:00:51.857Z] GET http://localhost:8085/assets/fonts/Mulish-SemiBold.ttf → 200 (1ms, ?B)
[2026-03-17T00:00:58.219Z] GET http://localhost:8085/productos.html → 200 (1ms, 4711B)
[2026-03-17T00:00:58.222Z] GET http://localhost:8085/css/styles.css → 304 (?ms, ?B)
[2026-03-17T00:00:58.222Z] GET http://localhost:8085/assets/logos/Logo_Ppal_LNDB.png → 200 (?ms, 206157B)
[2026-03-17T00:00:58.222Z] GET http://localhost:8085/assets/images/book-1.jpg → 200 (?ms, 473164B)
[2026-03-17T00:00:58.222Z] GET http://localhost:8085/assets/images/trees/Cacao.png → 200 (?ms, 730726B)
[2026-03-17T00:00:58.222Z] GET http://localhost:8085/assets/images/trees/Cerezo.png → 200 (?ms, 814012B)
[2026-03-17T00:00:58.222Z] GET http://localhost:8085/assets/logos/Logo_Blanco_LNDB.png → 200 (?ms, 732666B)
[2026-03-17T00:00:58.223Z] GET http://localhost:8085/assets/fonts/Isaodelco-Regular.otf → 200 (?ms, ?B)
[2026-03-17T00:00:58.223Z] GET http://localhost:8085/assets/fonts/Mulish-Regular.ttf → 200 (?ms, ?B)
[2026-03-17T00:00:58.223Z] GET http://localhost:8085/assets/fonts/Mulish-Medium.ttf → 200 (?ms, ?B)
[2026-03-17T00:00:58.223Z] GET http://localhost:8085/assets/fonts/Mulish-SemiBold.ttf → 200 (?ms, ?B)
[2026-03-17T00:01:30.101Z] GET http://localhost:8085/productos.html → 200 (?ms, 4711B)
[2026-03-17T00:01:30.104Z] GET http://localhost:8085/css/styles.css → 200 (?ms, 17299B)
[2026-03-17T00:01:30.104Z] GET http://localhost:8085/assets/logos/Logo_Ppal_LNDB.png → 200 (?ms, 206157B)
[2026-03-17T00:01:30.104Z] GET http://localhost:8085/assets/images/book-1.jpg → 200 (?ms, 473164B)
[2026-03-17T00:01:30.104Z] GET http://localhost:8085/assets/images/trees/Cacao.png → 200 (?ms, 730726B)
[2026-03-17T00:01:30.104Z] GET http://localhost:8085/assets/images/trees/Cerezo.png → 200 (?ms, 814012B)
[2026-03-17T00:01:30.104Z] GET http://localhost:8085/assets/logos/Logo_Blanco_LNDB.png → 200 (?ms, 732666B)
[2026-03-17T00:01:30.106Z] GET http://localhost:8085/assets/fonts/Isaodelco-Regular.otf → 200 (?ms, ?B)
[2026-03-17T00:01:30.106Z] GET http://localhost:8085/assets/fonts/Mulish-Regular.ttf → 200 (?ms, ?B)
[2026-03-17T00:01:30.106Z] GET http://localhost:8085/assets/fonts/Mulish-Medium.ttf → 200 (?ms, ?B)
[2026-03-17T00:01:30.106Z] GET http://localhost:8085/assets/fonts/Mulish-SemiBold.ttf → 200 (1ms, ?B)
[2026-03-17T00:03:05.488Z] GET http://localhost:8085/productos.html → 200 (?ms, 4711B)
[2026-03-17T00:03:05.490Z] GET http://localhost:8085/css/styles.css → 200 (1ms, 17312B)
[2026-03-17T00:03:05.490Z] GET http://localhost:8085/assets/logos/Logo_Ppal_LNDB.png → 200 (?ms, 206157B)
[2026-03-17T00:03:05.490Z] GET http://localhost:8085/assets/images/book-1.jpg → 200 (?ms, 473164B)
[2026-03-17T00:03:05.490Z] GET http://localhost:8085/assets/images/trees/Cacao.png → 200 (1ms, 730726B)
[2026-03-17T00:03:05.491Z] GET http://localhost:8085/assets/images/trees/Cerezo.png → 200 (?ms, 814012B)
[2026-03-17T00:03:05.491Z] GET http://localhost:8085/assets/logos/Logo_Blanco_LNDB.png → 200 (?ms, 732666B)
[2026-03-17T00:03:05.492Z] GET http://localhost:8085/assets/fonts/Isaodelco-Regular.otf → 200 (?ms, ?B)
[2026-03-17T00:03:05.492Z] GET http://localhost:8085/assets/fonts/Mulish-Regular.ttf → 200 (?ms, ?B)
[2026-03-17T00:03:05.492Z] GET http://localhost:8085/assets/fonts/Mulish-Medium.ttf → 200 (?ms, ?B)
[2026-03-17T00:03:05.492Z] GET http://localhost:8085/assets/fonts/Mulish-SemiBold.ttf → 200 (?ms, ?B)
[2026-03-17T00:03:13.635Z] GET http://localhost:8085/productos.html → 200 (?ms, 4711B)
[2026-03-17T00:03:13.638Z] GET http://localhost:8085/css/styles.css → 304 (?ms, ?B)
[2026-03-17T00:03:13.638Z] GET http://localhost:8085/assets/logos/Logo_Ppal_LNDB.png → 200 (?ms, 206157B)
[2026-03-17T00:03:13.638Z] GET http://localhost:8085/assets/images/book-1.jpg → 200 (?ms, 473164B)
[2026-03-17T00:03:13.638Z] GET http://localhost:8085/assets/images/trees/Cacao.png → 200 (?ms, 730726B)
[2026-03-17T00:03:13.638Z] GET http://localhost:8085/assets/images/trees/Cerezo.png → 200 (?ms, 814012B)
[2026-03-17T00:03:13.638Z] GET http://localhost:8085/assets/logos/Logo_Blanco_LNDB.png → 200 (?ms, 732666B)
[2026-03-17T00:03:13.640Z] GET http://localhost:8085/assets/fonts/Isaodelco-Regular.otf → 200 (?ms, ?B)
[2026-03-17T00:03:13.640Z] GET http://localhost:8085/assets/fonts/Mulish-Regular.ttf → 200 (?ms, ?B)
[2026-03-17T00:03:13.640Z] GET http://localhost:8085/assets/fonts/Mulish-Medium.ttf → 200 (?ms, ?B)
[2026-03-17T00:03:13.640Z] GET http://localhost:8085/assets/fonts/Mulish-SemiBold.ttf → 200 (?ms, ?B)
[2026-03-17T00:03:37.204Z] GET http://localhost:8085/productos.html → 200 (?ms, 4711B)
[2026-03-17T00:03:37.207Z] GET http://localhost:8085/css/styles.css → 200 (1ms, 17296B)
[2026-03-17T00:03:37.207Z] GET http://localhost:8085/assets/logos/Logo_Ppal_LNDB.png → 200 (?ms, 206157B)
[2026-03-17T00:03:37.207Z] GET http://localhost:8085/assets/images/book-1.jpg → 200 (?ms, 473164B)
[2026-03-17T00:03:37.207Z] GET http://localhost:8085/assets/images/trees/Cacao.png → 200 (1ms, 730726B)
[2026-03-17T00:03:37.208Z] GET http://localhost:8085/assets/images/trees/Cerezo.png → 200 (?ms, 814012B)
[2026-03-17T00:03:37.208Z] GET http://localhost:8085/assets/logos/Logo_Blanco_LNDB.png → 200 (?ms, 732666B)
[2026-03-17T00:03:37.208Z] GET http://localhost:8085/assets/fonts/Isaodelco-Regular.otf → 200 (?ms, ?B)
[2026-03-17T00:03:37.208Z] GET http://localhost:8085/assets/fonts/Mulish-Regular.ttf → 200 (?ms, ?B)
[2026-03-17T00:03:37.208Z] GET http://localhost:8085/assets/fonts/Mulish-Medium.ttf → 200 (?ms, ?B)
[2026-03-17T00:03:37.208Z] GET http://localhost:8085/assets/fonts/Mulish-SemiBold.ttf → 200 (?ms, ?B)
[2026-03-17T00:04:17.754Z] GET http://localhost:8085/productos.html → 200 (1ms, 4711B)
[2026-03-17T00:04:17.757Z] GET http://localhost:8085/css/styles.css → 200 (1ms, 17348B)
[2026-03-17T00:04:17.757Z] GET http://localhost:8085/assets/logos/Logo_Ppal_LNDB.png → 200 (?ms, 206157B)
[2026-03-17T00:04:17.757Z] GET http://localhost:8085/assets/images/book-1.jpg → 200 (?ms, 473164B)
[2026-03-17T00:04:17.757Z] GET http://localhost:8085/assets/images/trees/Cacao.png → 200 (?ms, 730726B)
[2026-03-17T00:04:17.757Z] GET http://localhost:8085/assets/images/trees/Cerezo.png → 200 (?ms, 814012B)
[2026-03-17T00:04:17.757Z] GET http://localhost:8085/assets/logos/Logo_Blanco_LNDB.png → 200 (?ms, 732666B)
[2026-03-17T00:04:17.758Z] GET http://localhost:8085/assets/fonts/Isaodelco-Regular.otf → 200 (?ms, ?B)
[2026-03-17T00:04:17.758Z] GET http://localhost:8085/assets/fonts/Mulish-Regular.ttf → 200 (?ms, ?B)
[2026-03-17T00:04:17.758Z] GET http://localhost:8085/assets/fonts/Mulish-Medium.ttf → 200 (?ms, ?B)
[2026-03-17T00:04:17.758Z] GET http://localhost:8085/assets/fonts/Mulish-SemiBold.ttf → 200 (?ms, ?B)
[2026-03-17T00:04:56.259Z] GET http://localhost:8085/productos.html → 200 (?ms, 4711B)
[2026-03-17T00:04:56.262Z] GET http://localhost:8085/css/styles.css → 200 (?ms, 17316B)
[2026-03-17T00:04:56.262Z] GET http://localhost:8085/assets/logos/Logo_Ppal_LNDB.png → 200 (?ms, 206157B)
[2026-03-17T00:04:56.262Z] GET http://localhost:8085/assets/images/book-1.jpg → 200 (?ms, 473164B)
[2026-03-17T00:04:56.262Z] GET http://localhost:8085/assets/images/trees/Cacao.png → 200 (?ms, 730726B)
[2026-03-17T00:04:56.262Z] GET http://localhost:8085/assets/images/trees/Cerezo.png → 200 (?ms, 814012B)
[2026-03-17T00:04:56.262Z] GET http://localhost:8085/assets/logos/Logo_Blanco_LNDB.png → 200 (?ms, 732666B)
[2026-03-17T00:04:56.263Z] GET http://localhost:8085/assets/fonts/Isaodelco-Regular.otf → 200 (?ms, ?B)
[2026-03-17T00:04:56.263Z] GET http://localhost:8085/assets/fonts/Mulish-Regular.ttf → 200 (?ms, ?B)
[2026-03-17T00:04:56.263Z] GET http://localhost:8085/assets/fonts/Mulish-Medium.ttf → 200 (?ms, ?B)
[2026-03-17T00:04:56.263Z] GET http://localhost:8085/assets/fonts/Mulish-SemiBold.ttf → 200 (?ms, ?B)
[2026-03-17T00:06:30.282Z] GET http://localhost:8085/productos.html → 200 (1ms, 4711B)
[2026-03-17T00:06:30.285Z] GET http://localhost:8085/css/styles.css → 200 (?ms, 17360B)
[2026-03-17T00:06:30.285Z] GET http://localhost:8085/assets/logos/Logo_Ppal_LNDB.png → 200 (?ms, 206157B)
[2026-03-17T00:06:30.285Z] GET http://localhost:8085/assets/images/book-1.jpg → 200 (?ms, 473164B)
[2026-03-17T00:06:30.285Z] GET http://localhost:8085/assets/images/trees/Cacao.png → 200 (?ms, 730726B)
[2026-03-17T00:06:30.285Z] GET http://localhost:8085/assets/images/trees/Cerezo.png → 200 (?ms, 814012B)
[2026-03-17T00:06:30.285Z] GET http://localhost:8085/assets/logos/Logo_Blanco_LNDB.png → 200 (?ms, 732666B)
[2026-03-17T00:06:30.287Z] GET http://localhost:8085/assets/fonts/Isaodelco-Regular.otf → 200 (?ms, ?B)
[2026-03-17T00:06:30.288Z] GET http://localhost:8085/assets/fonts/Mulish-Regular.ttf → 200 (?ms, ?B)
[2026-03-17T00:06:30.288Z] GET http://localhost:8085/assets/fonts/Mulish-Medium.ttf → 200 (?ms, ?B)
[2026-03-17T00:06:30.288Z] GET http://localhost:8085/assets/fonts/Mulish-SemiBold.ttf → 200 (?ms, ?B)
[2026-03-17T00:08:14.511Z] GET http://localhost:8085/productos.html → 200 (?ms, 4711B)
[2026-03-17T00:08:14.512Z] GET http://localhost:8085/css/styles.css → 200 (1ms, 17379B)
[2026-03-17T00:08:14.512Z] GET http://localhost:8085/assets/logos/Logo_Ppal_LNDB.png → 200 (?ms, 206157B)
[2026-03-17T00:08:14.512Z] GET http://localhost:8085/assets/images/book-1.jpg → 200 (?ms, 473164B)
[2026-03-17T00:08:14.512Z] GET http://localhost:8085/assets/images/trees/Cacao.png → 200 (?ms, 730726B)
[2026-03-17T00:08:14.513Z] GET http://localhost:8085/assets/images/trees/Cerezo.png → 200 (?ms, 814012B)
[2026-03-17T00:08:14.513Z] GET http://localhost:8085/assets/logos/Logo_Blanco_LNDB.png → 200 (?ms, 732666B)
[2026-03-17T00:08:14.513Z] GET http://localhost:8085/assets/fonts/Isaodelco-Regular.otf → 200 (?ms, ?B)
[2026-03-17T00:08:14.513Z] GET http://localhost:8085/assets/fonts/Mulish-Regular.ttf → 200 (?ms, ?B)
[2026-03-17T00:08:14.513Z] GET http://localhost:8085/assets/fonts/Mulish-Medium.ttf → 200 (?ms, ?B)
[2026-03-17T00:08:14.514Z] GET http://localhost:8085/assets/fonts/Mulish-SemiBold.ttf → 200 (?ms, ?B)
[2026-03-17T00:10:33.599Z] GET http://localhost:8085/productos.html → 200 (1ms, 4711B)
[2026-03-17T00:10:33.603Z] GET http://localhost:8085/css/styles.css → 200 (2ms, 17379B)
[2026-03-17T00:10:33.603Z] GET http://localhost:8085/assets/logos/Logo_Ppal_LNDB.png → 200 (?ms, 206157B)
[2026-03-17T00:10:33.603Z] GET http://localhost:8085/assets/images/book-1.jpg → 200 (?ms, 473164B)
[2026-03-17T00:10:33.603Z] GET http://localhost:8085/assets/images/trees/Cacao.png → 200 (?ms, 730726B)
[2026-03-17T00:10:33.604Z] GET http://localhost:8085/assets/images/trees/Cerezo.png → 200 (?ms, 814012B)
[2026-03-17T00:10:33.604Z] GET http://localhost:8085/assets/logos/Logo_Blanco_LNDB.png → 200 (?ms, 732666B)
[2026-03-17T00:10:33.606Z] GET http://localhost:8085/assets/fonts/Isaodelco-Regular.otf → 200 (?ms, ?B)
[2026-03-17T00:10:33.606Z] GET http://localhost:8085/assets/fonts/Mulish-Regular.ttf → 200 (?ms, ?B)
[2026-03-17T00:10:33.606Z] GET http://localhost:8085/assets/fonts/Mulish-Medium.ttf → 200 (?ms, ?B)
[2026-03-17T00:10:33.607Z] GET http://localhost:8085/assets/fonts/Mulish-SemiBold.ttf → 200 (?ms, ?B)
[2026-03-17T00:10:43.599Z] GET http://localhost:8085/productos.html → 200 (3ms, 4711B)
[2026-03-17T00:10:43.603Z] GET http://localhost:8085/css/styles.css → 304 (1ms, ?B)
[2026-03-17T00:10:43.603Z] GET http://localhost:8085/assets/logos/Logo_Ppal_LNDB.png → 200 (1ms, 206157B)
[2026-03-17T00:10:43.604Z] GET http://localhost:8085/assets/images/book-1.jpg → 200 (?ms, 473164B)
[2026-03-17T00:10:43.604Z] GET http://localhost:8085/assets/images/trees/Cacao.png → 200 (?ms, 730726B)
[2026-03-17T00:10:43.604Z] GET http://localhost:8085/assets/images/trees/Cerezo.png → 200 (?ms, 814012B)
[2026-03-17T00:10:43.604Z] GET http://localhost:8085/assets/logos/Logo_Blanco_LNDB.png → 200 (?ms, 732666B)
[2026-03-17T00:10:43.605Z] GET http://localhost:8085/assets/fonts/Isaodelco-Regular.otf → 200 (?ms, ?B)
[2026-03-17T00:10:43.605Z] GET http://localhost:8085/assets/fonts/Mulish-Regular.ttf → 200 (?ms, ?B)
[2026-03-17T00:10:43.605Z] GET http://localhost:8085/assets/fonts/Mulish-Medium.ttf → 200 (?ms, ?B)
[2026-03-17T00:10:43.605Z] GET http://localhost:8085/assets/fonts/Mulish-SemiBold.ttf → 200 (?ms, ?B)
[2026-03-17T00:11:26.691Z] GET http://localhost:8085/productos.html → 200 (1ms, 4711B)
[2026-03-17T00:11:26.696Z] GET http://localhost:8085/css/styles.css → 200 (?ms, 17359B)
[2026-03-17T00:11:26.696Z] GET http://localhost:8085/assets/logos/Logo_Ppal_LNDB.png → 200 (?ms, 206157B)
[2026-03-17T00:11:26.696Z] GET http://localhost:8085/assets/images/book-1.jpg → 200 (?ms, 473164B)
[2026-03-17T00:11:26.696Z] GET http://localhost:8085/assets/images/trees/Cacao.png → 200 (?ms, 730726B)
[2026-03-17T00:11:26.696Z] GET http://localhost:8085/assets/images/trees/Cerezo.png → 200 (?ms, 814012B)
[2026-03-17T00:11:26.696Z] GET http://localhost:8085/assets/logos/Logo_Blanco_LNDB.png → 200 (?ms, 732666B)
[2026-03-17T00:11:26.696Z] GET http://localhost:8085/assets/fonts/Isaodelco-Regular.otf → 200 (?ms, ?B)
[2026-03-17T00:11:26.696Z] GET http://localhost:8085/assets/fonts/Mulish-Regular.ttf → 200 (1ms, ?B)
[2026-03-17T00:11:26.697Z] GET http://localhost:8085/assets/fonts/Mulish-Medium.ttf → 200 (?ms, ?B)
[2026-03-17T00:11:26.697Z] GET http://localhost:8085/assets/fonts/Mulish-SemiBold.ttf → 200 (?ms, ?B)
[2026-03-17T00:11:35.607Z] GET http://localhost:8085/productos.html → 200 (?ms, 4711B)
[2026-03-17T00:11:35.610Z] GET http://localhost:8085/css/styles.css → 304 (?ms, ?B)
[2026-03-17T00:11:35.610Z] GET http://localhost:8085/assets/logos/Logo_Ppal_LNDB.png → 200 (?ms, 206157B)
[2026-03-17T00:11:35.610Z] GET http://localhost:8085/assets/images/book-1.jpg → 200 (?ms, 473164B)
[2026-03-17T00:11:35.610Z] GET http://localhost:8085/assets/images/trees/Cacao.png → 200 (?ms, 730726B)
[2026-03-17T00:11:35.610Z] GET http://localhost:8085/assets/images/trees/Cerezo.png → 200 (?ms, 814012B)
[2026-03-17T00:11:35.610Z] GET http://localhost:8085/assets/logos/Logo_Blanco_LNDB.png → 200 (?ms, 732666B)
[2026-03-17T00:11:35.611Z] GET http://localhost:8085/assets/fonts/Isaodelco-Regular.otf → 200 (?ms, ?B)
[2026-03-17T00:11:35.611Z] GET http://localhost:8085/assets/fonts/Mulish-Regular.ttf → 200 (?ms, ?B)
[2026-03-17T00:11:35.611Z] GET http://localhost:8085/assets/fonts/Mulish-Medium.ttf → 200 (?ms, ?B)
[2026-03-17T00:11:35.611Z] GET http://localhost:8085/assets/fonts/Mulish-SemiBold.ttf → 200 (?ms, ?B)
[2026-03-17T00:12:04.898Z] GET http://localhost:8085/productos.html → 200 (1ms, 4711B)
[2026-03-17T00:12:04.902Z] GET http://localhost:8085/css/styles.css → 200 (?ms, 17361B)
[2026-03-17T00:12:04.902Z] GET http://localhost:8085/assets/logos/Logo_Ppal_LNDB.png → 304 (?ms, ?B)
[2026-03-17T00:12:04.902Z] GET http://localhost:8085/assets/images/book-1.jpg → 200 (?ms, 473164B)
[2026-03-17T00:12:04.902Z] GET http://localhost:8085/assets/images/trees/Cacao.png → 200 (?ms, 730726B)
[2026-03-17T00:12:04.902Z] GET http://localhost:8085/assets/images/trees/Cerezo.png → 200 (?ms, 814012B)
[2026-03-17T00:12:04.902Z] GET http://localhost:8085/assets/logos/Logo_Blanco_LNDB.png → 304 (?ms, ?B)
[2026-03-17T00:12:04.903Z] GET http://localhost:8085/assets/fonts/Isaodelco-Regular.otf → 200 (?ms, ?B)
[2026-03-17T00:12:04.903Z] GET http://localhost:8085/assets/fonts/Mulish-Regular.ttf → 200 (?ms, ?B)
[2026-03-17T00:12:04.903Z] GET http://localhost:8085/assets/fonts/Mulish-Medium.ttf → 200 (?ms, ?B)
[2026-03-17T00:12:04.903Z] GET http://localhost:8085/assets/fonts/Mulish-SemiBold.ttf → 200 (?ms, ?B)
[2026-03-17T00:12:55.558Z] GET http://localhost:8085/productos.html → 200 (1ms, 4711B)
[2026-03-17T00:12:55.562Z] GET http://localhost:8085/css/styles.css → 200 (1ms, 17377B)
[2026-03-17T00:12:55.563Z] GET http://localhost:8085/assets/logos/Logo_Ppal_LNDB.png → 200 (?ms, 206157B)
[2026-03-17T00:12:55.563Z] GET http://localhost:8085/assets/images/book-1.jpg → 200 (?ms, 473164B)
[2026-03-17T00:12:55.563Z] GET http://localhost:8085/assets/images/trees/Cacao.png → 200 (?ms, 730726B)
[2026-03-17T00:12:55.563Z] GET http://localhost:8085/assets/images/trees/Cerezo.png → 200 (?ms, 814012B)
[2026-03-17T00:12:55.563Z] GET http://localhost:8085/assets/logos/Logo_Blanco_LNDB.png → 200 (?ms, 732666B)
[2026-03-17T00:12:55.563Z] GET http://localhost:8085/assets/fonts/Isaodelco-Regular.otf → 200 (1ms, ?B)
[2026-03-17T00:12:55.564Z] GET http://localhost:8085/assets/fonts/Mulish-Regular.ttf → 200 (?ms, ?B)
[2026-03-17T00:12:55.564Z] GET http://localhost:8085/assets/fonts/Mulish-Medium.ttf → 200 (?ms, ?B)
[2026-03-17T00:12:55.564Z] GET http://localhost:8085/assets/fonts/Mulish-SemiBold.ttf → 200 (?ms, ?B)
[2026-03-17T00:13:56.990Z] GET http://localhost:8085/productos.html → 200 (1ms, 4711B)
[2026-03-17T00:13:56.993Z] GET http://localhost:8085/css/styles.css → 200 (1ms, 17379B)
[2026-03-17T00:13:56.993Z] GET http://localhost:8085/assets/logos/Logo_Ppal_LNDB.png → 200 (?ms, 206157B)
[2026-03-17T00:13:56.993Z] GET http://localhost:8085/assets/images/book-1.jpg → 200 (?ms, 473164B)
[2026-03-17T00:13:56.994Z] GET http://localhost:8085/assets/images/trees/Cacao.png → 304 (1ms, ?B)
[2026-03-17T00:13:56.994Z] GET http://localhost:8085/assets/images/trees/Cerezo.png → 304 (?ms, ?B)
[2026-03-17T00:13:56.994Z] GET http://localhost:8085/assets/logos/Logo_Blanco_LNDB.png → 200 (?ms, 732666B)
[2026-03-17T00:13:56.995Z] GET http://localhost:8085/assets/fonts/Mulish-Medium.ttf → 304 (2ms, ?B)
[2026-03-17T00:13:56.995Z] GET http://localhost:8085/assets/fonts/Isaodelco-Regular.otf → 304 (2ms, ?B)
[2026-03-17T00:13:56.995Z] GET http://localhost:8085/assets/fonts/Mulish-Regular.ttf → 304 (5ms, ?B)
[2026-03-17T00:13:56.995Z] GET http://localhost:8085/assets/fonts/Mulish-SemiBold.ttf → 304 (5ms, ?B)
[2026-03-17T00:14:59.058Z] GET http://localhost:8085/productos.html → 200 (1ms, 4711B)
[2026-03-17T00:14:59.061Z] GET http://localhost:8085/css/styles.css → 200 (1ms, 17401B)
[2026-03-17T00:14:59.061Z] GET http://localhost:8085/assets/logos/Logo_Ppal_LNDB.png → 200 (?ms, 206157B)
[2026-03-17T00:14:59.061Z] GET http://localhost:8085/assets/images/book-1.jpg → 200 (?ms, 473164B)
[2026-03-17T00:14:59.062Z] GET http://localhost:8085/assets/images/trees/Cacao.png → 200 (?ms, 730726B)
[2026-03-17T00:14:59.062Z] GET http://localhost:8085/assets/images/trees/Cerezo.png → 200 (?ms, 814012B)
[2026-03-17T00:14:59.062Z] GET http://localhost:8085/assets/logos/Logo_Blanco_LNDB.png → 200 (?ms, 732666B)
[2026-03-17T00:14:59.062Z] GET http://localhost:8085/assets/fonts/Isaodelco-Regular.otf → 200 (?ms, ?B)
[2026-03-17T00:14:59.062Z] GET http://localhost:8085/assets/fonts/Mulish-Regular.ttf → 200 (?ms, ?B)
[2026-03-17T00:14:59.062Z] GET http://localhost:8085/assets/fonts/Mulish-Medium.ttf → 200 (?ms, ?B)
[2026-03-17T00:14:59.063Z] GET http://localhost:8085/assets/fonts/Mulish-SemiBold.ttf → 200 (?ms, ?B)
[2026-03-17T00:16:02.628Z] GET http://localhost:8085/productos.html → 200 (1ms, 4711B)
[2026-03-17T00:16:02.631Z] GET http://localhost:8085/css/styles.css → 200 (1ms, 17450B)
[2026-03-17T00:16:02.631Z] GET http://localhost:8085/assets/logos/Logo_Ppal_LNDB.png → 200 (?ms, 206157B)
[2026-03-17T00:16:02.631Z] GET http://localhost:8085/assets/images/book-1.jpg → 200 (?ms, 473164B)
[2026-03-17T00:16:02.631Z] GET http://localhost:8085/assets/images/trees/Cacao.png → 200 (?ms, 730726B)
[2026-03-17T00:16:02.632Z] GET http://localhost:8085/assets/images/trees/Cerezo.png → 200 (?ms, 814012B)
[2026-03-17T00:16:02.632Z] GET http://localhost:8085/assets/logos/Logo_Blanco_LNDB.png → 200 (?ms, 732666B)
[2026-03-17T00:16:02.632Z] GET http://localhost:8085/assets/fonts/Isaodelco-Regular.otf → 200 (?ms, ?B)
[2026-03-17T00:16:02.632Z] GET http://localhost:8085/assets/fonts/Mulish-Regular.ttf → 200 (?ms, ?B)
[2026-03-17T00:16:02.632Z] GET http://localhost:8085/assets/fonts/Mulish-Medium.ttf → 200 (?ms, ?B)
[2026-03-17T00:16:02.633Z] GET http://localhost:8085/assets/fonts/Mulish-SemiBold.ttf → 200 (?ms, ?B)
[2026-03-17T00:16:13.565Z] GET http://localhost:8085/productos.html → 200 (1ms, 4711B)
[2026-03-17T00:16:13.568Z] GET http://localhost:8085/css/styles.css → 304 (2ms, ?B)
[2026-03-17T00:16:13.568Z] GET http://localhost:8085/assets/logos/Logo_Ppal_LNDB.png → 200 (?ms, 206157B)
[2026-03-17T00:16:13.568Z] GET http://localhost:8085/assets/images/book-1.jpg → 200 (?ms, 473164B)
[2026-03-17T00:16:13.568Z] GET http://localhost:8085/assets/images/trees/Cacao.png → 200 (?ms, 730726B)
[2026-03-17T00:16:13.570Z] GET http://localhost:8085/assets/images/trees/Cerezo.png → 200 (?ms, 814012B)
[2026-03-17T00:16:13.570Z] GET http://localhost:8085/assets/logos/Logo_Blanco_LNDB.png → 200 (?ms, 732666B)
[2026-03-17T00:16:13.571Z] GET http://localhost:8085/assets/fonts/Isaodelco-Regular.otf → 200 (?ms, ?B)
[2026-03-17T00:16:13.572Z] GET http://localhost:8085/assets/fonts/Mulish-Regular.ttf → 200 (?ms, ?B)
[2026-03-17T00:16:13.572Z] GET http://localhost:8085/assets/fonts/Mulish-Medium.ttf → 200 (?ms, ?B)
[2026-03-17T00:16:13.572Z] GET http://localhost:8085/assets/fonts/Mulish-SemiBold.ttf → 200 (?ms, ?B)
[2026-03-17T00:17:06.212Z] GET http://localhost:8085/productos.html → 200 (1ms, 4711B)
[2026-03-17T00:17:06.215Z] GET http://localhost:8085/css/styles.css → 200 (2ms, 17471B)
[2026-03-17T00:17:06.216Z] GET http://localhost:8085/assets/logos/Logo_Ppal_LNDB.png → 200 (?ms, 206157B)
[2026-03-17T00:17:06.216Z] GET http://localhost:8085/assets/images/book-1.jpg → 200 (?ms, 473164B)
[2026-03-17T00:17:06.216Z] GET http://localhost:8085/assets/images/trees/Cacao.png → 200 (?ms, 730726B)
[2026-03-17T00:17:06.217Z] GET http://localhost:8085/assets/images/trees/Cerezo.png → 200 (?ms, 814012B)
[2026-03-17T00:17:06.217Z] GET http://localhost:8085/assets/logos/Logo_Blanco_LNDB.png → 200 (?ms, 732666B)
[2026-03-17T00:17:06.218Z] GET http://localhost:8085/assets/fonts/Isaodelco-Regular.otf → 200 (?ms, ?B)
[2026-03-17T00:17:06.218Z] GET http://localhost:8085/assets/fonts/Mulish-Regular.ttf → 200 (?ms, ?B)
[2026-03-17T00:17:06.218Z] GET http://localhost:8085/assets/fonts/Mulish-Medium.ttf → 200 (?ms, ?B)
[2026-03-17T00:17:06.218Z] GET http://localhost:8085/assets/fonts/Mulish-SemiBold.ttf → 200 (?ms, ?B)
[2026-03-17T00:17:20.375Z] GET http://localhost:8085/productos.html → 200 (1ms, 4711B)
[2026-03-17T00:17:20.379Z] GET http://localhost:8085/css/styles.css → 304 (?ms, ?B)
[2026-03-17T00:17:20.379Z] GET http://localhost:8085/assets/logos/Logo_Ppal_LNDB.png → 200 (?ms, 206157B)
[2026-03-17T00:17:20.379Z] GET http://localhost:8085/assets/images/book-1.jpg → 200 (?ms, 473164B)
[2026-03-17T00:17:20.379Z] GET http://localhost:8085/assets/images/trees/Cacao.png → 200 (?ms, 730726B)
[2026-03-17T00:17:20.379Z] GET http://localhost:8085/assets/images/trees/Cerezo.png → 200 (?ms, 814012B)
[2026-03-17T00:17:20.379Z] GET http://localhost:8085/assets/logos/Logo_Blanco_LNDB.png → 200 (?ms, 732666B)
[2026-03-17T00:17:20.379Z] GET http://localhost:8085/assets/fonts/Isaodelco-Regular.otf → 200 (?ms, ?B)
[2026-03-17T00:17:20.380Z] GET http://localhost:8085/assets/fonts/Mulish-Regular.ttf → 200 (?ms, ?B)
[2026-03-17T00:17:20.380Z] GET http://localhost:8085/assets/fonts/Mulish-Medium.ttf → 200 (?ms, ?B)
[2026-03-17T00:17:20.380Z] GET http://localhost:8085/assets/fonts/Mulish-SemiBold.ttf → 200 (?ms, ?B)
[2026-03-17T00:18:17.182Z] GET http://localhost:8085/productos.html → 200 (1ms, 4711B)
[2026-03-17T00:18:17.185Z] GET http://localhost:8085/css/styles.css → 200 (?ms, 17550B)
[2026-03-17T00:18:17.185Z] GET http://localhost:8085/assets/logos/Logo_Ppal_LNDB.png → 200 (?ms, 206157B)
[2026-03-17T00:18:17.185Z] GET http://localhost:8085/assets/images/book-1.jpg → 304 (1ms, ?B)
[2026-03-17T00:18:17.185Z] GET http://localhost:8085/assets/images/trees/Cacao.png → 200 (?ms, 730726B)
[2026-03-17T00:18:17.185Z] GET http://localhost:8085/assets/images/trees/Cerezo.png → 200 (?ms, 814012B)
[2026-03-17T00:18:17.185Z] GET http://localhost:8085/assets/logos/Logo_Blanco_LNDB.png → 200 (?ms, 732666B)
[2026-03-17T00:18:17.186Z] GET http://localhost:8085/assets/fonts/Isaodelco-Regular.otf → 200 (?ms, ?B)
[2026-03-17T00:18:17.186Z] GET http://localhost:8085/assets/fonts/Mulish-Regular.ttf → 200 (?ms, ?B)
[2026-03-17T00:18:17.186Z] GET http://localhost:8085/assets/fonts/Mulish-Medium.ttf → 200 (?ms, ?B)
[2026-03-17T00:18:17.186Z] GET http://localhost:8085/assets/fonts/Mulish-SemiBold.ttf → 200 (?ms, ?B)
